2.77884961010842e+14 1.75505292281521e+14 1.78142491715369e+14 5.085348635580509e+14 4.6517977618923606e+14 7.189824526645784e+13
2.77884961010842e+14 1.75505292281521e+14 1.78142491715369e+14 5.085348635580509e+14 4.6517977618923606e+14 7.189824526645784e+13
2.83566174834691e+14 3.23964410438583e+14 6.6367418575791e+13 3.716678453394015e+14 1.875 4.555409394666775e+14
3.13282226223436e+14 2.22808574308399e+14 1.61325952351421e+14 1.8331055787687e+14 0.125 4.027019078521865e+14
2.95705405799395e+14 2.9031466415032e+14 2.24423943828539e+14 3.707867844589605e+14 0.0625 3.69581275903699e+14
3.18856238352308e+14 2.04758603119539e+14 1.40029596035711e+14 1.749888701986645e+14 5.55435312994045e+14 7.214935423233534e+14
4.99193848343193e+14 2.91054337307629e+14 4.27138933261816e+14 0.4375 3.837899534030047e+14 2.1404432606393144e+14
3.07973727799663e+14 1.60150000860559e+14 2.75813935638971e+14 2.7398992268411444e+14 5.554353129940447e+14 2.919115275358098e+14
4.09099230240644e+14 3.00701918358651e+14 2.52725273366801e+14 0.8125 3.22617948550114e+14 4.256184004327871e+14
2.45363744864656e+14 3.47801812052413e+14 4.2055031748149e+14 5.08534863558052e+14 4.57456444841328e+14 2.0124105190365997e+14
3.08638826201036e+14 2.02137318594207e+14 1.66485209479584e+14 3.811102096676694e+14 5.5543531299404456e+14 5.173885232408119e+13
2.81267323012404e+14 1.75144070305135e+14 1.77400745437781e+14 5.0853486355805175e+14 5.0552373572797475e+14 7.849727871884172e+13
2.6908209829795e+14 3.99112184859157e+14 2.67752547567959e+14 3.954676235033497e+14 0 9.329395223332206e+14
3.1397735510998e+14 1.94608878366451e+14 1.75040526960917e+14 2.527462025671157e+14 5.554353129940443e+14 5.096250390701399e+14
3.10609933859503e+14 2.48395392344794e+14 8.4312165202331e+13 3.166389482368038e+14 0.8125 7.704140013391626e+14
2.527479515635e+14 3.12104959994899e+14 9.7037720072657e+13 4.9450138369069625e+14 0.0625 5.62636922687998e+14
1.09362490600379e+14 2.62771024342795e+14 1.41730013456159e+14 5.085348635580516e+14 3.5994781925758425e+14 4.900714475353265e+14
2.86873262414584e+14 2.44760963012399e+14 1.29973414407149e+14 5.085348635580519e+14 1.2136172113871584e+14 6.966958585677679e+14
2.26622125329658e+14 2.76206331976039e+14 4.27972577139081e+14 5.085348635580517e+14 3.667287708567159e+14 -1.4361196550747862e+14
2.85508401601324e+14 2.78341299863155e+14 2.14905162197129e+14 5.085348635580519e+14 8.251318692554028e+13 4.596903033691474e+14
3.18169264704202e+14 1.96475852174059e+14 3.19169424581331e+14 2.4013459930855294e+14 5.554353129940448e+14 3.325467957920137e+14
3.88089075045532e+14 1.46305889585209e+14 4.574112240056e+14 1.864328663511298e+14 5.554353129940442e+14 3.1004707149815225e+14
3.23353343176483e+14 2.15864799439564e+14 1.23247627331531e+14 0.4375 1.7667045481211156e+14 1.119437219945947e+15
3.46201065265044e+14 1.57581283728881e+14 2.20369877716889e+14 2.2014830351766556e+14 5.554353129940442e+14 5.256539100738211e+14
2.77618343657491e+14 3.26893919532037e+14 3.4441452690291e+14 5.0853486355805194e+14 1.6889840591586375e+14 -9.311151080341594e+13
1.25472286079336e+14 1.26162559969981e+14 1.14471695488627e+14 5.085348635580517e+14 4.485212317280259e+14 4.0961827157878494e+14
2.55145191204908e+14 3.63282642834859e+14 8.0647688065121e+13 4.358737421629531e+14 0.5625 7.305402551465762e+14
2.80519697314666e+14 2.3746575488311e+14 2.51936125560137e+14 5.085348635580517e+14 3.545546240351189e+14 -1.0857433998683769e+14
3.24475312574983e+14 1.20075663503044e+14 1.29299668674521e+14 2.6025976427506038e+14 5.554353129940448e+14 4.02487848730124e+14
3.36595811008114e+14 2.39783293058635e+14 1.39224290543903e+14 1.8295987210149862e+14 5.5543531299404475e+14 8.096356603182246e+14
2.5668697527106e+14 3.09180810414427e+14 2.48634330340793e+14 5.085348635580519e+14 1.2928946163800425e+14 2.996035458274461e+14
3.30583256675595e+14 9.5904345119423e+13 9.2018851404268e+13 2.4929438510210612e+14 5.5543531299404375e+14 5.797520808452012e+14
2.95222007157459e+14 2.87740595282715e+14 1.52115854451685e+14 3.870541120349212e+14 0.125 1.3704217791593502e+15
2.73778132938363e+14 1.3859071981894e+13 3.55467334115766e+14 3.279357570395779e+14 5.554353129940425e+14 1.4496788949594978e+14
2.64402962836675e+14 3.48407328738616e+14 2.01875859579375e+14 4.180189214168827e+14 0.625 3.1114906722921344e+14
3.07328650626388e+14 2.19627852528259e+14 1.54403178637121e+14 4.4789047624447356e+14 0.34375 8.412226582807822e+13
2.79104395528574e+14 2.56745855261655e+14 2.20117481546241e+14 5.085348635580519e+14 3.1712229421678075e+14 3.4489545538683425e+14
3.00380532150754e+14 9.2987366119093e+13 2.47062428668103e+14 2.9209788235597875e+14 5.554353129940432e+14 3.202258351886175e+14
3.36783046038778e+14 1.86196845587293e+14 3.15083195131625e+14 1.659120531431005e+14 5.554353129940444e+14 -1.503929579290137e+14
2.87987809363042e+14 8.2361864174296e+13 2.70292754490074e+14 3.497585463108432e+14 5.554353129940416e+14 2.4716410039059562e+13
2.24585044536268e+14 3.04327733715619e+14 3.75976279790089e+14 5.085348635580517e+14 2.3173905817621566e+14 -4.034112403884194e+13
2.22740419878996e+14 3.73841399560427e+14 9.148813993433e+12 5.0853486355805194e+14 2.38890195452565e+13 9.462435204785006e+14
1.98575339622628e+14 3.42199816812649e+14 3.51765839542901e+14 5.085348635580519e+14 3.1835677650992406e+14 3.309031792780167e+14
2.90175295231624e+14 2.17122683617117e+14 1.78219638670235e+14 5.0853486355805144e+14 3.201224799975073e+14 1.534996875389413e+14
2.51353036339105e+14 3.04282192006747e+14 2.64699297869147e+14 5.085348635580514e+14 3.7969649028548125e+13 4.4738987304498125e+12
4.87782734095809e+14 3.46321613111503e+14 4.54926033788582e+14 0.4375 3.5788044567301506e+14 2.514905807059699e+14
3.1391602845732e+14 2.31630252872791e+14 1.17507369705959e+14 3.094758319166275e+14 0.46875 4.209207999866111e+14
3.20045754776822e+14 3.40807187573627e+14 2.49163877011491e+14 2.805669079893335e+14 1.9375 6.0632241332464375e+13
2.5988884996651e+14 1.70591685040227e+14 4.0798656047816e+13 5.085348635580514e+14 4.524537691497224e+14 7.203045557865321e+14
2.26896278552949e+14 2.31823285869453e+14 1.80002954712996e+14 5.085348635580512e+14 2.7176475792472203e+14 2.5783761820531512e+14
2.59328655430093e+14 2.60935495830479e+14 2.15548487651421e+14 5.085348635580516e+14 1.1968036403444716e+14 6.740286162143641e+13
2.78025429157336e+14 3.99388795118488e+14 1.5766384349471e+14 3.457184452791136e+14 0.1875 8.752098143855525e+14
3.3199313105332e+14 1.72727613739159e+14 2.14793327040161e+14 1.8536182865681225e+14 5.5543531299404425e+14 5.496520742796753e+13
3.02382626562952e+14 2.59887555370897e+14 4.01367758368217e+14 3.890118116865843e+14 0.03125 -7.063180359784768e+15
3.9084976299316e+14 1.75138099376698e+14 1.99132314193157e+14 1.0072611549126719e+14 5.55435312994044e+14 4.794544871172831e+14
3.18243091337748e+14 2.58393907144439e+14 2.03961149002001e+14 2.6902520426261688e+14 0.5 -4.930589490544466e+13
3.19116084630682e+14 2.29799289992609e+14 1.59108998504933e+14 2.0018487314327934e+14 0.46875 1.69187914732679e+14
2.37261593562328e+14 3.10933314539329e+14 3.11235784225286e+14 5.0853486355805175e+14 4.330062860374047e+14 4.8304218855591106e+14
3.17751661407964e+14 2.21748007671541e+14 1.71737816585387e+14 2.06522559633796e+14 5.55435312994045e+14 6.72268774569143e+14
2.55980223672439e+14 3.21290555266886e+14 2.80720640765192e+14 5.02031851440117e+14 0.625 4.1667450924299375e+12
2.05765220813324e+14 4.43344440202004e+14 3.37316806783314e+14 5.0853486355805156e+14 2.41249348631505e+13 3.198493273941951e+14
2.99165864896058e+14 1.26250740504459e+14 3.94838372175196e+14 3.071880064379194e+14 5.55435312994044e+14 -7.846797879462669e+13
2.83884554469478e+14 1.68659011450704e+14 4.81449035278696e+14 3.247935863634851e+14 5.554353129940442e+14 -1.5821946342759738e+14
1.90423819173616e+14 4.11987150607363e+14 2.22923429469317e+14 5.085348635580519e+14 1.719579080263796e+14 6.422516243397098e+14
4.0031487728668e+14 3.00392857721647e+14 3.91219138797389e+14 0.6875 2.7698263097973594e+14 -3.016494255701025e+13
2.75213821774274e+14 1.30493251730578e+14 1.84033327057663e+14 4.362929424698119e+14 5.5543531299404456e+14 1.2650506966639947e+14
2.80379840423146e+14 1.40447920771075e+14 1.98887551560674e+14 4.395742590412681e+14 5.554353129940438e+14 3.1965248543613938e+13
3.1824437137069e+14 2.18702332283221e+14 1.65613354486673e+14 8.692459684036031e+13 0.1875 -2.423506115031812e+14
2.69954695392876e+14 3.57764417062385e+14 1.1876194655405e+13 4.350767340370537e+14 0 1.961233595315836e+15
2.93800495688148e+14 4.28280535977389e+14 3.02894855356361e+14 3.2056802918673475e+14 1.25 9.126404363315962e+13
3.67854641023429e+14 1.64861740894038e+14 5.47421785603831e+14 1.9901294058436356e+14 5.554353129940448e+14 2.2397804620851288e+14
3.5262522742086e+14 1.70562037319481e+14 2.07041113238255e+14 1.455185319906018e+14 5.554353129940441e+14 3.192239065963115e+14
4.48384746065844e+14 3.27816808533643e+14 5.16125773021241e+14 0.0625 2.250250485659792e+14 -1.8214928606944088e+14
1.7949895544966e+14 2.67864231678493e+14 2.31558698775467e+14 5.085348635580519e+14 3.592630950419352e+14 3.997326073642006e+14
3.6610403222551e+14 2.46735555481981e+14 3.73519353762311e+14 1.2814309739481438e+13 5.554353129940448e+14 5.109960702748881e+13
1.34662228018066e+14 3.65777159571973e+14 2.99591042197569e+14 5.085348635580513e+14 3.410173823838945e+14 4.951932819833891e+14
2.49994745963504e+14 3.65115028032079e+14 3.46924509900823e+14 5.0853486355805194e+14 1.11745712789422e+14 2.435084628630038e+14
3.20643864913336e+14 2.07744327990163e+14 2.07344297474945e+14 1.419241997244248e+14 5.5543531299404475e+14 -1.9233786285662e+14
2.78469915149543e+14 1.47113418895509e+14 2.54821284725691e+14 3.155900873403189e+14 5.5543531299404375e+14 3.838580737698167e+14
2.28230259834796e+14 2.61109181825299e+14 3.18890768984825e+14 5.085348635580518e+14 3.0937355067830994e+14 4.972409653534094e+13
2.99608985494205e+14 1.69691276388017e+14 1.65885304315232e+14 4.371092682921145e+14 5.5543531299404425e+14 -1.1006951392348906e+13
2.84136600336904e+14 1.31391567192655e+14 5.52347521053647e+14 2.947820500222945e+14 5.554353129940442e+14 9.8141667810318e+13
2.60751066137068e+14 3.11523547980439e+14 1.84392931455041e+14 5.085348635580517e+14 1.2745558418199397e+14 7.118184431082778e+14
3.25494216221237e+14 1.99403346075166e+14 1.98366839600638e+14 4.0026640034433125e+12 5.55435312994045e+14 -8.27217781523894e+14
1.3054861633936e+14 2.97457113526215e+14 3.01850173509273e+14 5.085348635580511e+14 4.370953449828015e+14 4.82416852116928e+14
2.86535022848376e+14 3.04207355563595e+14 2.84559776500617e+14 4.0164050873730375e+14 0.3125 -1.0186578326935462e+14
2.91611694163668e+14 1.42938635857259e+14 9.3091603955001e+13 3.9835759952254006e+14 5.5543531299404325e+14 4.8042674625719394e+14
2.1642622587442e+14 3.80146584914827e+14 3.72789768500585e+14 5.0853486355805156e+14 1.8653969714776888e+14 2.437185099892129e+14
3.4021161390163e+14 2.51527866397265e+14 3.34165360947763e+14 0.375 4.058098773526551e+14 -4.688922858200371e+14
5.4605735571868e+13 2.81506453145411e+14 5.4513718422609e+13 5.0853486355805125e+14 4.402798701091881e+14 7.140340658106061e+14
3.259892830173e+14 3.54673730166443e+14 1.32469966830681e+14 2.5883212700945303e+14 1.25 3.8535863242272975e+14
3.6658241967994e+14 2.75567581891843e+14 1.85260798191821e+14 0.5625 4.771879127158097e+14 8.304458568285145e+14
3.22205716724548e+14 1.94001979138019e+14 1.82099187472289e+14 9.7231906875389e+13 5.5543531299404494e+14 -7.325484328980622e+14
3.52549165621854e+14 2.56961287306441e+14 3.72792317797187e+14 0.125 4.075648143682038e+14 -3.802253175116271e+14
3.2168442062728e+14 1.85151771907705e+14 2.07357479818697e+14 1.8977090911527166e+14 5.5543531299404425e+14 -7.704224958624175e+14
1.62739345288297e+14 2.94351184174519e+14 3.37634303932643e+14 5.0853486355805125e+14 3.3318383595882294e+14 2.5072313089158178e+14
2.53861200754993e+14 3.50086213272664e+14 3.53516897506169e+14 4.881931015745984e+14 0.5625 -1.123236282195525e+14
3.19931107490212e+14 2.44495500402391e+14 2.19208797272249e+14 2.0677616515522116e+14 0.0625 -3.405040424919021e+14
3.22237913038243e+14 1.679178431018e+14 2.28187103073985e+14 2.4235492582361375e+14 5.5543531299404406e+14 2.6048022556500534e+14
2.86603555309888e+14 2.18503901625193e+14 1.47234009820577e+14 5.08534863558052e+14 3.087810439634292e+14 4.4627704381598444e+14
3.23710518616899e+14 2.63657364200607e+14 2.02008773462747e+14 2.0634046616630628e+14 0.15625 4.721638544819719e+13
2.84202846688544e+14 3.253683606659e+14 2.52143070269633e+14 3.851792344814095e+14 0.125 2.156793746777649e+14
2.86064449104784e+14 1.03075320033901e+14 9.503333973014e+12 3.042193652102078e+14 5.554353129940446e+14 6.570286750664638e+14
3.00404183943604e+14 2.73354907357021e+14 1.59214949561615e+14 3.564769854527365e+14 0.125 7.129338644642982e+14
3.05237795806282e+14 1.67013260198209e+14 2.0609882509157e+14 3.327145969686883e+14 5.554353129940436e+14 3.1246454058075312e+13
2.85574822743613e+14 1.35498151330834e+14 3.85493749915121e+14 3.3736707268207556e+14 5.55435312994044e+14 -8.063649953104212e+13
2.97750934744546e+14 4.2370046631253e+13 2.93076081447746e+14 3.181168842490231e+14 5.554353129940427e+14 7.845030590056375e+13
3.04027306177296e+14 2.49652454505373e+14 2.20496257213731e+14 3.8000848798327906e+14 0.0625 -3.439353790592861e+14
2.81548916337546e+14 1.05300243119801e+14 4.18719491910973e+14 2.9655341866668744e+14 5.554353129940449e+14 2.6033863399225756e+14
3.00225256122108e+14 2.67096374170765e+14 8.1773061453989e+13 3.613405281781305e+14 0.0625 4.648752761014633e+14
4.48769503339908e+14 2.94270801927623e+14 3.16344378397357e+14 0.0625 4.45600053053871e+14 4.5723712944593275e+14
3.19910411208859e+14 2.50218852893467e+14 1.95064130081165e+14 2.2367239086521788e+14 0.125 -1.6659514674845438e+13
2.9507917037206e+14 2.13274632121003e+14 1.53409028783561e+14 5.0853486355805175e+14 1.6331691669449428e+14 9.981802496239711e+13
2.95374038615278e+14 2.24569560933781e+14 2.24168876144537e+14 5.085348635580516e+14 1.5288715962559162e+14 -5.699966751909294e+14
1.97472085567828e+14 4.65409282240619e+14 3.80581097539801e+14 5.085348635580517e+14 9.365132805718094e+13 4.1472213414848406e+14
3.12165004723432e+14 2.06287383358475e+14 2.47957873936052e+14 2.58033542764429e+14 5.554353129940444e+14 -1.2013606738516844e+14
3.19835099153194e+14 1.66069983712299e+14 1.84220268583575e+14 2.5554736565807706e+14 5.55435312994045e+14 1.3812717664367984e+14
3.11501004885268e+14 2.39474760094027e+14 1.54708114263593e+14 2.3383351512504306e+14 0.125 1.0219950832527715e+15
2.63353035117916e+14 4.19563850822665e+14 4.51746187729649e+14 3.94126183426279e+14 0.375 -5.4999761965257625e+13
3.3427791287996e+14 2.40872230449631e+14 1.84340792618505e+14 0.3125 2.0841806415060578e+14 3.109120411847034e+14
3.23512903262376e+14 2.25780761277356e+14 1.06293945640157e+14 0.25 5.169423742134942e+14 1.9125743221884215e+15
2.70798024336859e+14 2.58770370032911e+14 4.8417270486818e+13 5.08534863558051e+14 4.711436549421266e+13 7.846992957541382e+14
2.72993913429708e+14 2.20627904539955e+14 2.28829497375915e+14 5.0853486355805175e+14 2.6698436812904394e+14 -9.691862514200719e+13
2.5635776024142e+14 2.32711325479339e+14 1.28091819564345e+14 5.0853486355805125e+14 2.953735147883201e+14 5.1782007014459325e+14
2.48743484993113e+14 4.61300516195987e+14 4.63909210377903e+14 3.956762420036865e+14 0.3125 4.361318451044844e+13
2.6363860115386e+14 1.90468050169503e+14 1.90206351065537e+14 5.08534863558051e+14 4.0196936770039525e+14 1.4234026341380875e+14
2.99361036118648e+14 2.70400922908699e+14 2.69657404326101e+14 3.620990692761187e+14 0.28125 -2.7804562513861825e+14
2.55189587715953e+14 2.27407353663339e+14 1.52014990080711e+14 5.0853486355805175e+14 2.655826692011895e+14 3.336369458213936e+14
4.33070873934442e+14 2.98800717739618e+14 5.23697451485462e+14 0.125 4.662547889942689e+14 1.0217513418927194e+14
3.43835415011923e+14 2.76860509675739e+14 2.85475574677785e+14 1.863232954720917e+14 0.28125 -2.9530699825102025e+14
2.24918783892404e+14 2.75196626054923e+14 1.88492808724473e+14 5.0853486355805144e+14 3.5276683587800606e+14 5.6179944349806025e+14
1.89024738820668e+14 4.17890382425239e+14 4.43230129406241e+14 5.0853486355805175e+14 2.332845325769728e+14 2.6217439205505684e+14
3.03562465525444e+14 3.89915200600327e+14 2.00432127487355e+14 2.891877115862615e+14 0.8125 4.0167868263591044e+14
2.85274970994444e+14 2.16928731935587e+14 1.85600068878297e+14 5.085348635580516e+14 3.588135234713376e+14 1.7516736361831534e+14
2.79865572444166e+14 4.44900599252449e+14 4.01710253401859e+14 3.1435399099086744e+14 0.5625 1.706378491389594e+14
2.41197388269688e+14 4.40907991158359e+14 3.04939529022521e+14 4.195994656170009e+14 0.0625 3.3297414117709875e+14
3.22806407815692e+14 1.99482204425513e+14 1.56277724404674e+14 0.25 5.3035877243659706e+14 -8.582708145709484e+13
1.28813048287852e+14 2.58819612383971e+14 2.74768442497649e+14 5.085348635580517e+14 4.424894034657524e+14 4.4605600047279344e+14
3.05549959176484e+14 1.96904784246605e+14 1.97499868209335e+14 2.87623432739112e+14 5.554353129940447e+14 4.036549222391128e+14
8.354100085447e+13 2.80859539718354e+14 1.48161904713834e+14 5.085348635580512e+14 4.40758220735543e+14 6.362736678189371e+14
3.0181767840214e+14 2.21641313392951e+14 1.59965777154373e+14 5.085348635580518e+14 1.56673055201093e+14 2.4265265121673775e+14
2.98236142755294e+14 2.14664527990055e+14 1.50874534137112e+14 5.085348635580515e+14 1.7681075824555866e+14 1.9013029535362672e+14
3.2707864052734e+14 1.95441112946845e+14 1.81775729483231e+14 9.565379763985478e+13 5.5543531299404425e+14 -4.107782292693997e+13
3.35885489881483e+14 5.55435312994045e+14 4.36597470120911e+14 2.6957770833025628e+14 3.125 5.855700127690419e+13
2.56993001165358e+14 2.58948800095657e+14 3.49313093963627e+14 5.085348635580515e+14 3.1798413514700344e+14 -2.5387402503926062e+14
2.55643267162018e+14 2.52756844792057e+14 1.42459900779227e+14 5.0853486355805125e+14 1.974799931207929e+14 4.243718443026739e+14
2.44944505592545e+14 3.90431690695441e+14 1.52932943116202e+14 5.08534863558052e+14 2.1405189543731125e+13 1.2168794789042485e+15
3.46218428016218e+14 5.50984980225212e+14 2.85075405480352e+14 2.60546982920225e+14 2.1875 1.943644636140065e+14
3.37439672310474e+14 2.01989556870115e+14 1.67895601546913e+14 1.2372772517662625e+13 5.554353129940449e+14 3.8202697204535225e+14
3.31269371981756e+14 1.24824039230827e+14 2.85042845419185e+14 2.4232343674541934e+14 5.554353129940441e+14 1.9750875042469497e+14
2.14863431658481e+14 2.37658005804868e+14 2.92900005016091e+14 5.0853486355805175e+14 4.134613119760396e+14 2.149871761447763e+14
3.41991423677957e+14 1.34808175852434e+14 1.49033325097441e+14 2.1697986194006572e+14 5.554353129940447e+14 4.593561430585594e+14
2.45841400910212e+14 3.25647921711479e+14 1.00131782004781e+14 5.0853486355805175e+14 3.559587058631528e+14 1.5449458265678995e+15
2.80251602048812e+14 2.74132710796843e+14 2.68974157447445e+14 5.08534863558052e+14 3.88274341551463e+14 2.152604488570356e+14
2.54628461671252e+14 3.17516316956587e+14 3.37990125196121e+14 5.08534863558052e+14 2.585737593757227e+14 1.1582202354517097e+14
3.01509004597636e+14 3.55359030053527e+14 1.62151453574411e+14 3.2382354337650725e+14 1.875 2.1012771194898425e+14
2.87224987598008e+14 1.96991515981619e+14 1.89116670351481e+14 5.085348635580514e+14 3.798633608538654e+14 -5.898334848793603e+13
2.80767298479012e+14 3.41622185023339e+14 2.41788076632713e+14 3.9319991633479444e+14 0 5.228696212721691e+14
4.93169511921778e+14 3.91078873522247e+14 3.90285963660175e+14 0.25 2.759335689766337e+14 3.120740586857961e+14
2.73493248573433e+14 5.46578116352407e+14 2.13060694244072e+14 3.071686775430125e+14 1 6.327083475572936e+14
3.10966272678685e+14 2.00631233414606e+14 2.68956612106818e+14 2.981110524040677e+14 5.554353129940445e+14 -1.073128384563232e+15
2.23475291985512e+14 3.98777052778817e+14 3.36154272508325e+14 5.085348635580515e+14 1.00594551798995e+13 1.6252707891414184e+14
2.83795790494765e+14 3.02675910869296e+14 1.55064179955614e+14 5.08534863558052e+14 2.080489327373857e+14 2.63902235591826e+15
2.93622634725574e+14 2.41174662330409e+14 1.82938240862141e+14 5.0853486355805194e+14 1.8646973135486916e+14 3.431455387190791e+14
3.69161188627828e+14 2.50385121436635e+14 3.62116622742569e+14 0.5 4.621989181903065e+14 -6.756279352916469e+13
3.02210813315774e+14 2.07521985252901e+14 1.51391934832205e+14 5.08534863558052e+14 3.057715329873191e+14 2.083766725181675e+14
3.04100772841297e+14 1.28423450296065e+14 3.38274743468007e+14 3.1182450162394775e+14 5.554353129940429e+14 -1.5052694949117694e+14
2.52208158100908e+14 3.95566158014815e+14 3.24753621897181e+14 5.085348635580519e+14 4.330660211805875e+12 5.675894481197384e+14
3.27009249338848e+14 1.87121459388679e+14 1.56155828606741e+14 1.5193629650401084e+14 5.5543531299404394e+14 2.767249376345062e+14
2.83566174834691e+14 3.23964410438583e+14 6.6367418575791e+13 3.716678453394015e+14 1.875 4.555409394666775e+14
2.92968982192924e+14 2.51621777313874e+14 2.29787798929295e+14 5.0853486355805194e+14 4.8515148212609594e+14 2.7469735754703e+14
3.25006807232388e+14 2.79854404838739e+14 2.37875036704901e+14 0.1875 1.4860165576412084e+14 3.253768694213131e+14
3.31644578534356e+14 3.38678098724971e+14 3.74203537734425e+14 0.25 1.2955744807300188e+13 -3.4238564088445075e+14
3.064037404987e+14 4.23836689928945e+14 3.36992613890057e+14 2.401792576973024e+14 0.375 2.9394670006914856e+14
3.08467751112024e+14 2.39729422033957e+14 1.49082309153079e+14 2.098096601869965e+14 5.5543531299404494e+14 2.0433176549136065e+15
2.7632316269618e+14 1.86036298832555e+14 2.07596318735801e+14 4.2095558093930275e+14 5.5543531299404425e+14 2.877304964110447e+14
3.14754354515938e+14 2.11008844196059e+14 1.46085274459931e+14 2.2277614037919438e+14 0.0625 2.5429493815021762e+14
3.33708714489008e+14 3.71739959266639e+14 3.02632490840461e+14 2.0672823335337388e+14 0 1.0388043341077281e+14
2.8083141477898e+14 1.90983630348395e+14 3.30452293039465e+14 3.2180527259121275e+14 5.554353129940442e+14 2.3987850208610838e+14
4.40110774813126e+14 5.18024056807711e+14 2.58480606780617e+14 7.557532742992294e+13 1.375 3.7534125259245725e+14
2.77084043018296e+14 1.85131378252315e+14 3.77932722126077e+14 2.963484095655536e+14 5.5543531299404456e+14 3.522469000630669e+14
3.10308593068036e+14 3.24489743694949e+14 2.41398319627949e+14 0.0625 1.4181150626913062e+13 1.3921260189219155e+15
3.52725435172432e+14 4.06647635763307e+14 2.73287549258501e+14 1.8528229103460006e+14 0.875 2.190678644900602e+14
3.15564642593339e+14 2.51574058051112e+14 3.05222366627142e+14 9.893142593821481e+13 0.03125 -2.3363052429095335e+15
3.21232980504586e+14 2.43177499261375e+14 1.87077988468444e+14 0.25 2.7530079731183356e+14 5.5970824585376344e+14
3.10371145159419e+14 2.10374049133005e+14 1.38770121469555e+14 4.948530036299001e+14 0.1875 4.527129332526545e+14
3.06060249638332e+14 3.84004038359799e+14 4.35867486091209e+14 1.9475473127317294e+14 0.25 -2.5979200369103512e+14
4.34598720936004e+14 4.21866841106971e+14 3.38533597468873e+14 0.25 1.3537159490334844e+14 3.191101909465935e+14
3.38604117180151e+14 4.53730428596362e+14 8.7918235469861e+13 1.9948865558220994e+14 0.375 7.535322132692406e+14
4.31712993903863e+14 5.11937636846369e+14 5.32223606917116e+14 6.492242650818931e+13 0.9375 -3.2673095809910875e+13
3.15039527739234e+14 3.36511257207655e+14 9.7107621540361e+13 0 2.0439790686539556e+14 3.0544141561247835e+15
2.66301461290312e+14 1.99735251360064e+14 3.82229045508509e+14 3.6662711969989625e+14 5.5543531299404456e+14 6.985142727866706e+13
2.77715682674656e+14 1.86489778158053e+14 1.62889190364723e+14 2.9916600446744625e+14 5.5543531299404475e+14 6.219260767304338e+14
3.45465632665131e+14 3.99235762333297e+14 4.09241849161864e+14 2.1893860644873272e+14 1.4375 -1.0669359754577944e+14
2.59983151955008e+14 1.92413221122235e+14 1.60785059326157e+14 5.085348635580515e+14 5.157173271923593e+14 4.56057017471126e+14
3.17389234135652e+14 2.18973534412116e+14 1.55369944229351e+14 1.7140687786090812e+14 0.1875 9.758526153726488e+13
3.44826929465289e+14 3.66671549007367e+14 3.41427638640673e+14 9.293951753848934e+13 0.4375 4.490195118254175e+13
3.07198429850104e+14 3.00226640983867e+14 3.18788956570212e+14 6.952933367541625e+12 5.55435312994045e+14 1.3864165868067456e+14
3.94821320187837e+14 4.87734947368162e+14 3.51642535817515e+14 1.742904468562999e+14 0.5625 1.2877800245072353e+14
2.77247316298486e+14 2.58966253557367e+14 3.70990485789374e+14 3.091257097863008e+14 5.554353129940447e+14 3.3273641360399625e+14
3.83081561382313e+14 4.11873003963709e+14 2.21527730904896e+14 8.595924509008575e+13 0.875 4.182431954845775e+14
3.2253499324423e+14 2.42958362232835e+14 2.27546792207843e+14 0.0625 4.263606132932795e+14 5.046875670120697e+13
3.68997391217119e+14 3.05484674856148e+14 3.30800825753534e+14 5.292661376694656e+13 0.4375 -3.043653298879609e+14
1.9174565967406e+14 1.31471787332211e+14 2.78513544788763e+14 4.2330806726445925e+14 5.554353129940449e+14 3.619441181117745e+14
3.20923024676886e+14 2.67577592804231e+14 2.35589515636972e+14 0 2.3397030550078594e+13 -5.7427159068010875e+13
2.77895252764838e+14 2.79204838187054e+14 5.08031448678966e+14 3.7351349404418094e+14 5.5543531299404475e+14 -8.09375431169759e+14
2.90250477233586e+14 2.69362690665456e+14 2.66171136375923e+14 4.237510343202609e+14 5.55435312994045e+14 3.138499067640212e+14
3.84608195893581e+14 3.55961795748631e+14 3.07276736141797e+14 0.75 6.304826907471225e+13 1.6209350987733294e+14
3.39928259984588e+14 2.68727645375059e+14 2.58148699882971e+14 0 4.622979045329494e+14 4.3283405570838425e+14
2.9628817488654e+14 2.76759010827835e+14 5.28656919413817e+14 2.5264007936653122e+14 5.55435312994045e+14 6.8673143549109e+13
3.03569553970038e+14 2.87800177783831e+14 2.23078949273803e+14 2.2298550419056534e+14 0.0625 9.137993759549971e+14
3.80055010633258e+14 5.18839682828239e+14 3.89418450726776e+14 1.7628111707533966e+14 0.75 1.6056469334634462e+14
3.17972085320884e+14 2.27446528710923e+14 1.90295352235673e+14 0 4.601090301652284e+14 1.3600743522966842e+14
3.18900882376913e+14 2.99787359099244e+14 3.77491809571711e+14 0.125 2.3083581696369525e+14 -9.584443193045458e+14
1.94268350240188e+14 7.425205330702e+12 1.0763089464056e+13 3.89322795340699e+14 5.554353129940425e+14 5.2858619967136506e+14
2.8213961136462e+14 2.89163825444721e+14 4.75539039900465e+14 3.620210576294172e+14 5.55435312994045e+14 -8.62475185034888e+14
3.29559979325292e+14 3.29223754334337e+14 3.92346249707987e+14 1.4998338605201728e+14 0.0625 -4.636355115612891e+14
2.39176440909323e+14 1.54510271369535e+14 4.74708679911757e+14 3.5775990392502294e+14 5.554353129940443e+14 1.4154561715336194e+14
2.34318830544479e+14 2.87687548373676e+14 2.93157848572948e+14 5.0853486355805175e+14 4.7844652786137875e+14 4.8391682806065075e+14
3.37418662714879e+14 2.54764403135161e+14 3.32931099954215e+14 0.125 2.8130294964082562e+14 -7.551493067780349e+14
3.27717760557496e+14 2.38116478629511e+14 3.08571763293977e+14 4.901324579795509e+13 0.3125 -1.9129467475563442e+15
2.74654054472604e+14 1.46879399270915e+14 4.55459392851129e+14 3.0622428416939125e+14 5.5543531299404394e+14 2.0104048294172597e+14
4.68316261743205e+14 4.31444676190348e+14 3.70897707161489e+14 0.5 1.2184647805048894e+14 2.200175726249754e+14
1.96970441380141e+14 1.21629330391222e+14 2.19311171995057e+14 4.884770093075151e+14 5.554353129940442e+14 3.11874868919863e+14
3.50216164881906e+14 4.17095078363635e+14 4.53833747779477e+14 7.819763551431819e+13 0.375 -1.083378795802045e+14
2.57146158598591e+14 2.13077354890543e+14 3.21995682347996e+14 4.296121976432122e+14 5.5543531299404475e+14 1.315108034031905e+14
2.6422407811244e+14 1.85101898606823e+14 2.26415733748613e+14 3.2168960793114675e+14 5.5543531299404425e+14 5.243851476233887e+14
2.60694301359368e+14 2.31307448526619e+14 1.64856923284426e+14 3.86903381328985e+14 5.5543531299404444e+14 7.44271335872213e+14
2.53807221444157e+14 1.78912835446421e+14 1.53944546985884e+14 5.085348635580511e+14 4.8267895411700056e+14 3.773420512996735e+14
3.52070607517528e+14 3.08643144431651e+14 3.44510597838609e+14 1.515126109413196e+14 0.9375 -3.172106962541505e+14
3.3337777910043e+14 2.94755454514726e+14 1.09920592156643e+14 0.375 4.7103390040121125e+13 1.5053447246770128e+15
2.80367354547058e+14 2.20802920313851e+14 1.94678664300212e+14 3.9289860164305244e+14 5.55435312994045e+14 5.5596319445051e+14
2.9776145755303e+14 3.62509489248637e+14 4.97532685552793e+14 2.0934450895580147e+14 0 -1.2442812018126092e+15
2.15739952417672e+14 4.2051271371863e+13 1.51027750395433e+14 3.540684302992041e+14 5.554353129940442e+14 4.6904064284472856e+14
3.03383918582992e+14 2.41125655873028e+14 3.96160123340452e+14 2.501110953421417e+14 5.5543531299404475e+14 3.8017827636819694e+14
3.53058711937532e+14 3.20285241836565e+14 3.28969146800759e+14 0 2.6984828298834616e+14 2.1128290948824834e+14
3.11216506167548e+14 2.72504368781859e+14 2.78051114211521e+14 1.5744968866092525e+14 5.554353129940449e+14 4.379686044184086e+14
2.76494328515428e+14 2.46366031255369e+14 1.89027347856371e+14 3.589128036457416e+14 5.55435312994045e+14 7.590884675077068e+14
2.890797694957e+14 2.33277121379155e+14 2.71068194362334e+14 4.3029979869674756e+14 5.5543531299404475e+14 -1.1728688594054681e+14
1.58920080018588e+14 4.8237447310059e+13 1.0593133529521e+13 4.4961621886384506e+14 5.554353129940431e+14 5.652267708242375e+14
1.37122560698884e+14 2.9058774113767e+13 2.04664269730601e+14 4.7168392015668706e+14 5.554353129940438e+14 3.284519727299881e+14
2.49686973576562e+14 1.67072583133603e+14 1.33383456041251e+14 3.4628480993778844e+14 5.55435312994044e+14 6.183440222629185e+14
3.42351590820436e+14 2.76549872505579e+14 2.92761117075417e+14 0 3.450201906696662e+14 1.0018834723892175e+14
2.2922335525693e+14 1.02051187192621e+14 8.73263776847e+12 4.429776577439536e+14 5.554353129940448e+14 6.387453187828554e+14
3.74733308713035e+14 3.41834726352694e+14 3.54419566120407e+14 0.125 2.270515507108635e+14 1.8224480265766125e+14
2.53175177118088e+14 2.38805016108809e+14 3.27202253304521e+14 5.08534863558052e+14 5.00392987583894e+14 -1.2239281109577438e+13
3.15253407088972e+14 3.12296530582795e+14 2.53984174512497e+14 3.864790857278216e+13 0 6.108944951785484e+14
3.19690234947588e+14 3.50312093374059e+14 2.63906379724521e+14 0.0625 1.3341305186060875e+13 9.205674028601071e+14
2.92968982192924e+14 2.51621777313874e+14 2.29787798929295e+14 5.0853486355805194e+14 4.8515148212609594e+14 2.7469735754703e+14
3.05375537306301e+14 2.57084645713089e+14 2.38946486076948e+14 2.2932536721507697e+14 5.554353129940448e+14 5.431471664418441e+14
1.84523426884804e+14 2.82199218778793e+14 3.472558880206e+14 5.085348635580519e+14 4.760274889315395e+14 3.819713990927337e+14
5.01445073822564e+14 4.68814633642667e+14 3.82985108946649e+14 0.125 1.8444534935368056e+14 3.3739919314459775e+14
5.1670511701e+13 2.03738362613003e+14 1.71059103698449e+14 5.085348635580512e+14 4.736234816636935e+14 5.3266988412584475e+14
3.07012626299613e+14 2.44167046311124e+14 2.26801665576965e+14 2.2320963142344194e+14 5.55435312994045e+14 -7.249474469507444e+13
3.38505757295488e+14 2.61845357110309e+14 1.74622525430321e+14 1.405032289087825e+14 5.5543531299404475e+14 8.539760279985002e+14
3.63119320076126e+14 2.89475834781019e+14 3.09874634903035e+14 0.3125 4.495606963199561e+14 3.8015579362744644e+14
3.11300945599604e+14 2.52700220734111e+14 2.88886007718709e+14 1.941131679505973e+14 5.554353129940449e+14 1.4240128565745066e+14
3.2334473030986e+14 2.56479063312235e+14 2.85870547738199e+14 2.000638026060208e+14 5.55435312994045e+14 5.4476049591626125e+14
3.25006807232388e+14 2.79854404838739e+14 2.37875036704901e+14 0.1875 1.4860165576412084e+14 3.253768694213131e+14
3.29854898231892e+14 3.75110610931435e+14 3.38582547806937e+14 0.125 7.961559793203188e+13 4.2104627236491e+14
3.53116467505976e+14 4.37763907246255e+14 5.14772049338639e+14 0 8.979625274712688e+12 -2.0154992760205525e+14
3.0127265691338e+14 3.5767497372061e+14 3.0507046222528e+14 0 5.640231680723e+13 1.3971838435362825e+15
2.91953632991513e+14 3.55110073123197e+14 3.01312679342261e+14 0 1.4657176384354484e+14 3.2625566711133215e+15
3.91920157511824e+14 4.36945425316759e+14 3.72392546251505e+14 0.5 6.149250131383569e+13 2.834694853034442e+14
2.164679831218e+14 1.88630351190181e+14 3.53332307880815e+14 3.933974352860164e+14 5.554353129940442e+14 3.4038625040538456e+14
2.51477178647958e+14 1.23196327251711e+14 4.84804390932939e+14 3.1217456813517925e+14 5.554353129940444e+14 2.8615838897476025e+14
3.99423700224192e+14 4.54262828734187e+14 3.66947037690889e+14 0 1.2430411985333275e+14 4.190457811983923e+14
3.05463599936748e+14 4.06166577587027e+14 2.48678051954181e+14 8.752055830468478e+13 0.125 1.5959623093160262e+15
3.0258493886764e+14 4.34197773783841e+14 4.48472129162555e+14 2.1574538411087188e+14 0.4375 3.357203421355175e+13
4.1673376819363e+13 1.56304284101059e+14 2.0836434877421e+13 5.085348635580512e+14 5.456783871486786e+14 7.162857035047615e+14
3.06487292963398e+14 2.71332139807579e+14 5.17616660773406e+14 2.2932346814732094e+14 5.554353129940446e+14 -5.7604578764623125e+13
3.61601492593396e+14 4.87737797879683e+14 2.21693941481441e+14 1.206016395234354e+14 0.8125 6.405746384839915e+14
1.11869859833982e+14 1.69408150115571e+14 1.3295231281001e+13 4.774723050998383e+14 5.55435312994045e+14 7.710522547091166e+14
2.53696324928929e+14 1.00706796847273e+14 4.17625654392398e+14 3.054105483338559e+14 5.554353129940439e+14 3.6056168373868556e+14
4.25776282733351e+14 5.54511114601544e+14 5.10531581907167e+14 2.2755317997177625e+13 0.5 1.4752688317316688e+14
4.04031059661172e+14 4.92101824553119e+14 3.38743154190533e+14 0.1875 4.093380793147719e+13 4.801540250719431e+14
3.14978081442568e+14 3.76655326978219e+14 3.54524012179721e+14 6.654584449948747e+13 0.125 2.823985240349557e+14
3.27368735378805e+14 4.27850474203108e+14 7.5223607587272e+13 1.3483602198740656e+14 0.3125 1.410117087100968e+15
3.70955593729804e+14 4.54682333609071e+14 1.32361405608533e+14 0.125 5.784611706090869e+13 1.202093815434014e+15
1.65793968623187e+14 2.6284503920678e+13 1.81666237367869e+14 3.534019827491989e+14 5.554353129940448e+14 5.0076021011211144e+14
3.31644578534356e+14 3.38678098724971e+14 3.74203537734425e+14 0.25 1.2955744807300188e+13 -3.4238564088445075e+14
3.41986677794707e+14 3.0588642340052e+14 4.12024330604845e+14 3.5249501002666e+13 5.554353129940449e+14 1.9886798741037584e+14
3.0911491131646e+14 2.98912542324563e+14 3.29686770574777e+14 6.328058942487316e+13 5.5543531299404494e+14 1.4798314135056062e+14
2.96901766181463e+14 3.00281095968024e+14 2.69474632921846e+14 2.2248178621554022e+14 5.5543531299404494e+14 9.711487297434036e+14
3.49625665566228e+14 3.38357466098347e+14 2.62735948436649e+14 0.0625 3.043660819460748e+14 7.143357664596935e+14
3.0541634076684e+14 3.00010877385057e+14 3.47542563543747e+14 9.643271163221347e+13 5.55435312994045e+14 -1.4008590443704825e+14
3.15844328917588e+14 3.14811166081047e+14 4.72853805823841e+14 1.0773695861445469e+14 5.554353129940449e+14 -2.3601192427120688e+14
3.11365316745873e+14 3.17409180810364e+14 3.77436942987532e+14 6.4184333324358125e+13 5.55435312994045e+14 1.39410810803851e+14
3.40084148304254e+14 3.17674949107389e+14 3.08301411837593e+14 0.125 4.994440628562144e+14 6.542490799401961e+14
3.66229085615878e+14 3.32434719455159e+14 3.37236759810321e+14 0.3125 2.977393323968127e+14 3.025413727519747e+14
3.19555386830152e+14 2.82757948641172e+14 3.01863861608747e+14 1.7519678217274875e+14 5.5543531299404475e+14 5.625113422401695e+14
3.33191929575892e+14 3.13778675673067e+14 3.18471123472217e+14 0 4.3322483910593394e+14 4.5677720744711556e+14
3.064037404987e+14 4.23836689928945e+14 3.36992613890057e+14 2.401792576973024e+14 0.375 2.9394670006914856e+14
2.43613671647428e+14 2.6238632693308e+14 1.60900581230216e+14 4.0345857313522706e+14 5.55435312994045e+14 8.802026379253119e+14
1.30050402029788e+14 2.25273910841668e+14 3.16951534831199e+14 5.08534863558052e+14 5.18148791786158e+14 4.27342836110276e+14
3.26523319061306e+14 3.37767106383251e+14 2.21303276066553e+14 0.0625 2.57950295057154e+14 1.2298975282781425e+15
3.08547600159577e+14 3.3928325786656e+14 4.52440513672151e+14 8.338920940178019e+13 5.5543531299404494e+14 -7.89332885162495e+13
3.0032970276203e+14 3.19680236350549e+14 3.37378184172593e+14 1.643171585446285e+14 5.55435312994045e+14 5.459307519726086e+14
3.1680685210409e+14 3.44704422895367e+14 2.91966087193359e+14 0.1875 4.119058763719921e+14 1.0791831136338246e+15
2.65094359174367e+14 3.52868616076638e+14 1.98692484445864e+14 5.085348635580519e+14 4.9606891277292325e+14 2.8335779436575125e+15
3.14790955819978e+14 2.06892541694869e+14 1.45100265138671e+14 1.444088626594977e+14 0.0625 -8.613257557912369e+13
2.66412174964476e+14 3.10346349673192e+14 3.2084926524283e+14 4.5022889745511575e+14 5.55435312994045e+14 5.812562887712362e+14
4.21969737659317e+14 4.27848364926297e+14 2.87053654641956e+14 0.6875 1.8883054149689406e+14 5.4082566470280356e+14
2.05616926032202e+14 2.82415861203343e+14 3.6937121563676e+14 5.085348635580519e+14 5.2545467154385044e+14 3.4823740604193325e+14
2.68493955591317e+14 3.1529848712489e+14 2.52589319976887e+14 4.4859657499318325e+14 5.55435312994045e+14 1.2217129386631195e+15
5.08534863558052e+14 5.04402883021075e+14 3.88109504417105e+14 0.8125 1.488594402792172e+14 3.3854890330763394e+14
3.13282226223436e+14 2.22808574308399e+14 1.61325952351421e+14 1.8331055787687e+14 0.125 4.027019078521865e+14
3.08467751112024e+14 2.39729422033957e+14 1.49082309153079e+14 2.098096601869965e+14 5.5543531299404494e+14 2.0433176549136065e+15
2.95705405799395e+14 2.9031466415032e+14 2.24423943828539e+14 3.707867844589605e+14 0.0625 3.69581275903699e+14
2.7632316269618e+14 1.86036298832555e+14 2.07596318735801e+14 4.2095558093930275e+14 5.5543531299404425e+14 2.877304964110447e+14
3.14754354515938e+14 2.11008844196059e+14 1.46085274459931e+14 2.2277614037919438e+14 0.0625 2.5429493815021762e+14
3.18856238352308e+14 2.04758603119539e+14 1.40029596035711e+14 1.749888701986645e+14 5.55435312994045e+14 7.214935423233534e+14
4.99193848343193e+14 2.91054337307629e+14 4.27138933261816e+14 0.4375 3.837899534030047e+14 2.1404432606393144e+14
2.43613671647428e+14 2.6238632693308e+14 1.60900581230216e+14 4.0345857313522706e+14 5.55435312994045e+14 8.802026379253119e+14
3.07973727799663e+14 1.60150000860559e+14 2.75813935638971e+14 2.7398992268411444e+14 5.554353129940447e+14 2.919115275358098e+14
4.09099230240644e+14 3.00701918358651e+14 2.52725273366801e+14 0.8125 3.22617948550114e+14 4.256184004327871e+14
2.45363744864656e+14 3.47801812052413e+14 4.2055031748149e+14 5.08534863558052e+14 4.57456444841328e+14 2.0124105190365997e+14
3.33708714489008e+14 3.71739959266639e+14 3.02632490840461e+14 2.0672823335337388e+14 0 1.0388043341077281e+14
3.08638826201036e+14 2.02137318594207e+14 1.66485209479584e+14 3.811102096676694e+14 5.5543531299404456e+14 5.173885232408119e+13
2.81267323012404e+14 1.75144070305135e+14 1.77400745437781e+14 5.0853486355805175e+14 5.0552373572797475e+14 7.849727871884172e+13
2.8083141477898e+14 1.90983630348395e+14 3.30452293039465e+14 3.2180527259121275e+14 5.554353129940442e+14 2.3987850208610838e+14
2.6908209829795e+14 3.99112184859157e+14 2.67752547567959e+14 3.954676235033497e+14 0 9.329395223332206e+14
4.40110774813126e+14 5.18024056807711e+14 2.58480606780617e+14 7.557532742992294e+13 1.375 3.7534125259245725e+14
3.1397735510998e+14 1.94608878366451e+14 1.75040526960917e+14 2.527462025671157e+14 5.554353129940443e+14 5.096250390701399e+14
3.10609933859503e+14 2.48395392344794e+14 8.4312165202331e+13 3.166389482368038e+14 0.8125 7.704140013391626e+14
2.527479515635e+14 3.12104959994899e+14 9.7037720072657e+13 4.9450138369069625e+14 0.0625 5.62636922687998e+14
2.77084043018296e+14 1.85131378252315e+14 3.77932722126077e+14 2.963484095655536e+14 5.5543531299404456e+14 3.522469000630669e+14
1.09362490600379e+14 2.62771024342795e+14 1.41730013456159e+14 5.085348635580516e+14 3.5994781925758425e+14 4.900714475353265e+14
2.86873262414584e+14 2.44760963012399e+14 1.29973414407149e+14 5.085348635580519e+14 1.2136172113871584e+14 6.966958585677679e+14
3.10308593068036e+14 3.24489743694949e+14 2.41398319627949e+14 0.0625 1.4181150626913062e+13 1.3921260189219155e+15
2.26622125329658e+14 2.76206331976039e+14 4.27972577139081e+14 5.085348635580517e+14 3.667287708567159e+14 -1.4361196550747862e+14
3.52725435172432e+14 4.06647635763307e+14 2.73287549258501e+14 1.8528229103460006e+14 0.875 2.190678644900602e+14
2.85508401601324e+14 2.78341299863155e+14 2.14905162197129e+14 5.085348635580519e+14 8.251318692554028e+13 4.596903033691474e+14
3.29854898231892e+14 3.75110610931435e+14 3.38582547806937e+14 0.125 7.961559793203188e+13 4.2104627236491e+14
3.18169264704202e+14 1.96475852174059e+14 3.19169424581331e+14 2.4013459930855294e+14 5.554353129940448e+14 3.325467957920137e+14
3.88089075045532e+14 1.46305889585209e+14 4.574112240056e+14 1.864328663511298e+14 5.554353129940442e+14 3.1004707149815225e+14
3.15564642593339e+14 2.51574058051112e+14 3.05222366627142e+14 9.893142593821481e+13 0.03125 -2.3363052429095335e+15
3.23353343176483e+14 2.15864799439564e+14 1.23247627331531e+14 0.4375 1.7667045481211156e+14 1.119437219945947e+15
3.46201065265044e+14 1.57581283728881e+14 2.20369877716889e+14 2.2014830351766556e+14 5.554353129940442e+14 5.256539100738211e+14
3.21232980504586e+14 2.43177499261375e+14 1.87077988468444e+14 0.25 2.7530079731183356e+14 5.5970824585376344e+14
3.10371145159419e+14 2.10374049133005e+14 1.38770121469555e+14 4.948530036299001e+14 0.1875 4.527129332526545e+14
3.06060249638332e+14 3.84004038359799e+14 4.35867486091209e+14 1.9475473127317294e+14 0.25 -2.5979200369103512e+14
2.77618343657491e+14 3.26893919532037e+14 3.4441452690291e+14 5.0853486355805194e+14 1.6889840591586375e+14 -9.311151080341594e+13
3.05375537306301e+14 2.57084645713089e+14 2.38946486076948e+14 2.2932536721507697e+14 5.554353129940448e+14 5.431471664418441e+14
1.25472286079336e+14 1.26162559969981e+14 1.14471695488627e+14 5.085348635580517e+14 4.485212317280259e+14 4.0961827157878494e+14
4.34598720936004e+14 4.21866841106971e+14 3.38533597468873e+14 0.25 1.3537159490334844e+14 3.191101909465935e+14
2.55145191204908e+14 3.63282642834859e+14 8.0647688065121e+13 4.358737421629531e+14 0.5625 7.305402551465762e+14
3.38604117180151e+14 4.53730428596362e+14 8.7918235469861e+13 1.9948865558220994e+14 0.375 7.535322132692406e+14
4.31712993903863e+14 5.11937636846369e+14 5.32223606917116e+14 6.492242650818931e+13 0.9375 -3.2673095809910875e+13
2.80519697314666e+14 2.3746575488311e+14 2.51936125560137e+14 5.085348635580517e+14 3.545546240351189e+14 -1.0857433998683769e+14
3.24475312574983e+14 1.20075663503044e+14 1.29299668674521e+14 2.6025976427506038e+14 5.554353129940448e+14 4.02487848730124e+14
3.36595811008114e+14 2.39783293058635e+14 1.39224290543903e+14 1.8295987210149862e+14 5.5543531299404475e+14 8.096356603182246e+14
2.5668697527106e+14 3.09180810414427e+14 2.48634330340793e+14 5.085348635580519e+14 1.2928946163800425e+14 2.996035458274461e+14
3.30583256675595e+14 9.5904345119423e+13 9.2018851404268e+13 2.4929438510210612e+14 5.5543531299404375e+14 5.797520808452012e+14
2.95222007157459e+14 2.87740595282715e+14 1.52115854451685e+14 3.870541120349212e+14 0.125 1.3704217791593502e+15
3.15039527739234e+14 3.36511257207655e+14 9.7107621540361e+13 0 2.0439790686539556e+14 3.0544141561247835e+15
2.73778132938363e+14 1.3859071981894e+13 3.55467334115766e+14 3.279357570395779e+14 5.554353129940425e+14 1.4496788949594978e+14
2.64402962836675e+14 3.48407328738616e+14 2.01875859579375e+14 4.180189214168827e+14 0.625 3.1114906722921344e+14
3.41986677794707e+14 3.0588642340052e+14 4.12024330604845e+14 3.5249501002666e+13 5.554353129940449e+14 1.9886798741037584e+14
2.66301461290312e+14 1.99735251360064e+14 3.82229045508509e+14 3.6662711969989625e+14 5.5543531299404456e+14 6.985142727866706e+13
3.07328650626388e+14 2.19627852528259e+14 1.54403178637121e+14 4.4789047624447356e+14 0.34375 8.412226582807822e+13
2.77715682674656e+14 1.86489778158053e+14 1.62889190364723e+14 2.9916600446744625e+14 5.5543531299404475e+14 6.219260767304338e+14
3.45465632665131e+14 3.99235762333297e+14 4.09241849161864e+14 2.1893860644873272e+14 1.4375 -1.0669359754577944e+14
2.79104395528574e+14 2.56745855261655e+14 2.20117481546241e+14 5.085348635580519e+14 3.1712229421678075e+14 3.4489545538683425e+14
2.59983151955008e+14 1.92413221122235e+14 1.60785059326157e+14 5.085348635580515e+14 5.157173271923593e+14 4.56057017471126e+14
3.00380532150754e+14 9.2987366119093e+13 2.47062428668103e+14 2.9209788235597875e+14 5.554353129940432e+14 3.202258351886175e+14
3.53116467505976e+14 4.37763907246255e+14 5.14772049338639e+14 0 8.979625274712688e+12 -2.0154992760205525e+14
3.0911491131646e+14 2.98912542324563e+14 3.29686770574777e+14 6.328058942487316e+13 5.5543531299404494e+14 1.4798314135056062e+14
3.36783046038778e+14 1.86196845587293e+14 3.15083195131625e+14 1.659120531431005e+14 5.554353129940444e+14 -1.503929579290137e+14
2.87987809363042e+14 8.2361864174296e+13 2.70292754490074e+14 3.497585463108432e+14 5.554353129940416e+14 2.4716410039059562e+13
3.17389234135652e+14 2.18973534412116e+14 1.55369944229351e+14 1.7140687786090812e+14 0.1875 9.758526153726488e+13
3.0127265691338e+14 3.5767497372061e+14 3.0507046222528e+14 0 5.640231680723e+13 1.3971838435362825e+15
2.24585044536268e+14 3.04327733715619e+14 3.75976279790089e+14 5.085348635580517e+14 2.3173905817621566e+14 -4.034112403884194e+13
2.22740419878996e+14 3.73841399560427e+14 9.148813993433e+12 5.0853486355805194e+14 2.38890195452565e+13 9.462435204785006e+14
1.98575339622628e+14 3.42199816812649e+14 3.51765839542901e+14 5.085348635580519e+14 3.1835677650992406e+14 3.309031792780167e+14
3.44826929465289e+14 3.66671549007367e+14 3.41427638640673e+14 9.293951753848934e+13 0.4375 4.490195118254175e+13
2.90175295231624e+14 2.17122683617117e+14 1.78219638670235e+14 5.0853486355805144e+14 3.201224799975073e+14 1.534996875389413e+14
2.51353036339105e+14 3.04282192006747e+14 2.64699297869147e+14 5.085348635580514e+14 3.7969649028548125e+13 4.4738987304498125e+12
3.07198429850104e+14 3.00226640983867e+14 3.18788956570212e+14 6.952933367541625e+12 5.55435312994045e+14 1.3864165868067456e+14
2.91953632991513e+14 3.55110073123197e+14 3.01312679342261e+14 0 1.4657176384354484e+14 3.2625566711133215e+15
4.87782734095809e+14 3.46321613111503e+14 4.54926033788582e+14 0.4375 3.5788044567301506e+14 2.514905807059699e+14
3.1391602845732e+14 2.31630252872791e+14 1.17507369705959e+14 3.094758319166275e+14 0.46875 4.209207999866111e+14
3.20045754776822e+14 3.40807187573627e+14 2.49163877011491e+14 2.805669079893335e+14 1.9375 6.0632241332464375e+13
2.5988884996651e+14 1.70591685040227e+14 4.0798656047816e+13 5.085348635580514e+14 4.524537691497224e+14 7.203045557865321e+14
2.26896278552949e+14 2.31823285869453e+14 1.80002954712996e+14 5.085348635580512e+14 2.7176475792472203e+14 2.5783761820531512e+14
3.91920157511824e+14 4.36945425316759e+14 3.72392546251505e+14 0.5 6.149250131383569e+13 2.834694853034442e+14
2.96901766181463e+14 3.00281095968024e+14 2.69474632921846e+14 2.2248178621554022e+14 5.5543531299404494e+14 9.711487297434036e+14
2.59328655430093e+14 2.60935495830479e+14 2.15548487651421e+14 5.085348635580516e+14 1.1968036403444716e+14 6.740286162143641e+13
2.78025429157336e+14 3.99388795118488e+14 1.5766384349471e+14 3.457184452791136e+14 0.1875 8.752098143855525e+14
3.3199313105332e+14 1.72727613739159e+14 2.14793327040161e+14 1.8536182865681225e+14 5.5543531299404425e+14 5.496520742796753e+13
2.164679831218e+14 1.88630351190181e+14 3.53332307880815e+14 3.933974352860164e+14 5.554353129940442e+14 3.4038625040538456e+14
3.94821320187837e+14 4.87734947368162e+14 3.51642535817515e+14 1.742904468562999e+14 0.5625 1.2877800245072353e+14
2.77247316298486e+14 2.58966253557367e+14 3.70990485789374e+14 3.091257097863008e+14 5.554353129940447e+14 3.3273641360399625e+14
3.02382626562952e+14 2.59887555370897e+14 4.01367758368217e+14 3.890118116865843e+14 0.03125 -7.063180359784768e+15
1.30050402029788e+14 2.25273910841668e+14 3.16951534831199e+14 5.08534863558052e+14 5.18148791786158e+14 4.27342836110276e+14
3.83081561382313e+14 4.11873003963709e+14 2.21527730904896e+14 8.595924509008575e+13 0.875 4.182431954845775e+14
3.9084976299316e+14 1.75138099376698e+14 1.99132314193157e+14 1.0072611549126719e+14 5.55435312994044e+14 4.794544871172831e+14
3.18243091337748e+14 2.58393907144439e+14 2.03961149002001e+14 2.6902520426261688e+14 0.5 -4.930589490544466e+13
2.51477178647958e+14 1.23196327251711e+14 4.84804390932939e+14 3.1217456813517925e+14 5.554353129940444e+14 2.8615838897476025e+14
3.19116084630682e+14 2.29799289992609e+14 1.59108998504933e+14 2.0018487314327934e+14 0.46875 1.69187914732679e+14
3.26523319061306e+14 3.37767106383251e+14 2.21303276066553e+14 0.0625 2.57950295057154e+14 1.2298975282781425e+15
2.37261593562328e+14 3.10933314539329e+14 3.11235784225286e+14 5.0853486355805175e+14 4.330062860374047e+14 4.8304218855591106e+14
3.08547600159577e+14 3.3928325786656e+14 4.52440513672151e+14 8.338920940178019e+13 5.5543531299404494e+14 -7.89332885162495e+13
3.2253499324423e+14 2.42958362232835e+14 2.27546792207843e+14 0.0625 4.263606132932795e+14 5.046875670120697e+13
3.17751661407964e+14 2.21748007671541e+14 1.71737816585387e+14 2.06522559633796e+14 5.55435312994045e+14 6.72268774569143e+14
3.49625665566228e+14 3.38357466098347e+14 2.62735948436649e+14 0.0625 3.043660819460748e+14 7.143357664596935e+14
3.0541634076684e+14 3.00010877385057e+14 3.47542563543747e+14 9.643271163221347e+13 5.55435312994045e+14 -1.4008590443704825e+14
1.84523426884804e+14 2.82199218778793e+14 3.472558880206e+14 5.085348635580519e+14 4.760274889315395e+14 3.819713990927337e+14
2.55980223672439e+14 3.21290555266886e+14 2.80720640765192e+14 5.02031851440117e+14 0.625 4.1667450924299375e+12
2.05765220813324e+14 4.43344440202004e+14 3.37316806783314e+14 5.0853486355805156e+14 2.41249348631505e+13 3.198493273941951e+14
2.99165864896058e+14 1.26250740504459e+14 3.94838372175196e+14 3.071880064379194e+14 5.55435312994044e+14 -7.846797879462669e+13
2.83884554469478e+14 1.68659011450704e+14 4.81449035278696e+14 3.247935863634851e+14 5.554353129940442e+14 -1.5821946342759738e+14
1.90423819173616e+14 4.11987150607363e+14 2.22923429469317e+14 5.085348635580519e+14 1.719579080263796e+14 6.422516243397098e+14
3.68997391217119e+14 3.05484674856148e+14 3.30800825753534e+14 5.292661376694656e+13 0.4375 -3.043653298879609e+14
3.0032970276203e+14 3.19680236350549e+14 3.37378184172593e+14 1.643171585446285e+14 5.55435312994045e+14 5.459307519726086e+14
4.0031487728668e+14 3.00392857721647e+14 3.91219138797389e+14 0.6875 2.7698263097973594e+14 -3.016494255701025e+13
1.9174565967406e+14 1.31471787332211e+14 2.78513544788763e+14 4.2330806726445925e+14 5.554353129940449e+14 3.619441181117745e+14
2.75213821774274e+14 1.30493251730578e+14 1.84033327057663e+14 4.362929424698119e+14 5.5543531299404456e+14 1.2650506966639947e+14
3.20923024676886e+14 2.67577592804231e+14 2.35589515636972e+14 0 2.3397030550078594e+13 -5.7427159068010875e+13
3.1680685210409e+14 3.44704422895367e+14 2.91966087193359e+14 0.1875 4.119058763719921e+14 1.0791831136338246e+15
2.80379840423146e+14 1.40447920771075e+14 1.98887551560674e+14 4.395742590412681e+14 5.554353129940438e+14 3.1965248543613938e+13
3.1824437137069e+14 2.18702332283221e+14 1.65613354486673e+14 8.692459684036031e+13 0.1875 -2.423506115031812e+14
2.69954695392876e+14 3.57764417062385e+14 1.1876194655405e+13 4.350767340370537e+14 0 1.961233595315836e+15
2.77895252764838e+14 2.79204838187054e+14 5.08031448678966e+14 3.7351349404418094e+14 5.5543531299404475e+14 -8.09375431169759e+14
2.93800495688148e+14 4.28280535977389e+14 3.02894855356361e+14 3.2056802918673475e+14 1.25 9.126404363315962e+13
3.67854641023429e+14 1.64861740894038e+14 5.47421785603831e+14 1.9901294058436356e+14 5.554353129940448e+14 2.2397804620851288e+14
3.5262522742086e+14 1.70562037319481e+14 2.07041113238255e+14 1.455185319906018e+14 5.554353129940441e+14 3.192239065963115e+14
4.48384746065844e+14 3.27816808533643e+14 5.16125773021241e+14 0.0625 2.250250485659792e+14 -1.8214928606944088e+14
1.7949895544966e+14 2.67864231678493e+14 2.31558698775467e+14 5.085348635580519e+14 3.592630950419352e+14 3.997326073642006e+14
2.90250477233586e+14 2.69362690665456e+14 2.66171136375923e+14 4.237510343202609e+14 5.55435312994045e+14 3.138499067640212e+14
5.01445073822564e+14 4.68814633642667e+14 3.82985108946649e+14 0.125 1.8444534935368056e+14 3.3739919314459775e+14
3.6610403222551e+14 2.46735555481981e+14 3.73519353762311e+14 1.2814309739481438e+13 5.554353129940448e+14 5.109960702748881e+13
3.84608195893581e+14 3.55961795748631e+14 3.07276736141797e+14 0.75 6.304826907471225e+13 1.6209350987733294e+14
1.34662228018066e+14 3.65777159571973e+14 2.99591042197569e+14 5.085348635580513e+14 3.410173823838945e+14 4.951932819833891e+14
3.99423700224192e+14 4.54262828734187e+14 3.66947037690889e+14 0 1.2430411985333275e+14 4.190457811983923e+14
3.39928259984588e+14 2.68727645375059e+14 2.58148699882971e+14 0 4.622979045329494e+14 4.3283405570838425e+14
2.9628817488654e+14 2.76759010827835e+14 5.28656919413817e+14 2.5264007936653122e+14 5.55435312994045e+14 6.8673143549109e+13
2.49994745963504e+14 3.65115028032079e+14 3.46924509900823e+14 5.0853486355805194e+14 1.11745712789422e+14 2.435084628630038e+14
3.20643864913336e+14 2.07744327990163e+14 2.07344297474945e+14 1.419241997244248e+14 5.5543531299404475e+14 -1.9233786285662e+14
2.78469915149543e+14 1.47113418895509e+14 2.54821284725691e+14 3.155900873403189e+14 5.5543531299404375e+14 3.838580737698167e+14
2.28230259834796e+14 2.61109181825299e+14 3.18890768984825e+14 5.085348635580518e+14 3.0937355067830994e+14 4.972409653534094e+13
2.99608985494205e+14 1.69691276388017e+14 1.65885304315232e+14 4.371092682921145e+14 5.5543531299404425e+14 -1.1006951392348906e+13
3.03569553970038e+14 2.87800177783831e+14 2.23078949273803e+14 2.2298550419056534e+14 0.0625 9.137993759549971e+14
2.84136600336904e+14 1.31391567192655e+14 5.52347521053647e+14 2.947820500222945e+14 5.554353129940442e+14 9.8141667810318e+13
3.15844328917588e+14 3.14811166081047e+14 4.72853805823841e+14 1.0773695861445469e+14 5.554353129940449e+14 -2.3601192427120688e+14
3.80055010633258e+14 5.18839682828239e+14 3.89418450726776e+14 1.7628111707533966e+14 0.75 1.6056469334634462e+14
3.11365316745873e+14 3.17409180810364e+14 3.77436942987532e+14 6.4184333324358125e+13 5.55435312994045e+14 1.39410810803851e+14
2.60751066137068e+14 3.11523547980439e+14 1.84392931455041e+14 5.085348635580517e+14 1.2745558418199397e+14 7.118184431082778e+14
3.17972085320884e+14 2.27446528710923e+14 1.90295352235673e+14 0 4.601090301652284e+14 1.3600743522966842e+14
3.18900882376913e+14 2.99787359099244e+14 3.77491809571711e+14 0.125 2.3083581696369525e+14 -9.584443193045458e+14
1.94268350240188e+14 7.425205330702e+12 1.0763089464056e+13 3.89322795340699e+14 5.554353129940425e+14 5.2858619967136506e+14
3.25494216221237e+14 1.99403346075166e+14 1.98366839600638e+14 4.0026640034433125e+12 5.55435312994045e+14 -8.27217781523894e+14
1.3054861633936e+14 2.97457113526215e+14 3.01850173509273e+14 5.085348635580511e+14 4.370953449828015e+14 4.82416852116928e+14
2.8213961136462e+14 2.89163825444721e+14 4.75539039900465e+14 3.620210576294172e+14 5.55435312994045e+14 -8.62475185034888e+14
3.29559979325292e+14 3.29223754334337e+14 3.92346249707987e+14 1.4998338605201728e+14 0.0625 -4.636355115612891e+14
2.86535022848376e+14 3.04207355563595e+14 2.84559776500617e+14 4.0164050873730375e+14 0.3125 -1.0186578326935462e+14
2.39176440909323e+14 1.54510271369535e+14 4.74708679911757e+14 3.5775990392502294e+14 5.554353129940443e+14 1.4154561715336194e+14
2.91611694163668e+14 1.42938635857259e+14 9.3091603955001e+13 3.9835759952254006e+14 5.5543531299404325e+14 4.8042674625719394e+14
2.1642622587442e+14 3.80146584914827e+14 3.72789768500585e+14 5.0853486355805156e+14 1.8653969714776888e+14 2.437185099892129e+14
3.4021161390163e+14 2.51527866397265e+14 3.34165360947763e+14 0.375 4.058098773526551e+14 -4.688922858200371e+14
2.65094359174367e+14 3.52868616076638e+14 1.98692484445864e+14 5.085348635580519e+14 4.9606891277292325e+14 2.8335779436575125e+15
5.4605735571868e+13 2.81506453145411e+14 5.4513718422609e+13 5.0853486355805125e+14 4.402798701091881e+14 7.140340658106061e+14
2.34318830544479e+14 2.87687548373676e+14 2.93157848572948e+14 5.0853486355805175e+14 4.7844652786137875e+14 4.8391682806065075e+14
3.259892830173e+14 3.54673730166443e+14 1.32469966830681e+14 2.5883212700945303e+14 1.25 3.8535863242272975e+14
3.40084148304254e+14 3.17674949107389e+14 3.08301411837593e+14 0.125 4.994440628562144e+14 6.542490799401961e+14
3.6658241967994e+14 2.75567581891843e+14 1.85260798191821e+14 0.5625 4.771879127158097e+14 8.304458568285145e+14
3.22205716724548e+14 1.94001979138019e+14 1.82099187472289e+14 9.7231906875389e+13 5.5543531299404494e+14 -7.325484328980622e+14
3.52549165621854e+14 2.56961287306441e+14 3.72792317797187e+14 0.125 4.075648143682038e+14 -3.802253175116271e+14
3.37418662714879e+14 2.54764403135161e+14 3.32931099954215e+14 0.125 2.8130294964082562e+14 -7.551493067780349e+14
3.2168442062728e+14 1.85151771907705e+14 2.07357479818697e+14 1.8977090911527166e+14 5.5543531299404425e+14 -7.704224958624175e+14
3.27717760557496e+14 2.38116478629511e+14 3.08571763293977e+14 4.901324579795509e+13 0.3125 -1.9129467475563442e+15
1.62739345288297e+14 2.94351184174519e+14 3.37634303932643e+14 5.0853486355805125e+14 3.3318383595882294e+14 2.5072313089158178e+14
2.53861200754993e+14 3.50086213272664e+14 3.53516897506169e+14 4.881931015745984e+14 0.5625 -1.123236282195525e+14
3.19931107490212e+14 2.44495500402391e+14 2.19208797272249e+14 2.0677616515522116e+14 0.0625 -3.405040424919021e+14
3.22237913038243e+14 1.679178431018e+14 2.28187103073985e+14 2.4235492582361375e+14 5.5543531299404406e+14 2.6048022556500534e+14
2.86603555309888e+14 2.18503901625193e+14 1.47234009820577e+14 5.08534863558052e+14 3.087810439634292e+14 4.4627704381598444e+14
2.74654054472604e+14 1.46879399270915e+14 4.55459392851129e+14 3.0622428416939125e+14 5.5543531299404394e+14 2.0104048294172597e+14
3.05463599936748e+14 4.06166577587027e+14 2.48678051954181e+14 8.752055830468478e+13 0.125 1.5959623093160262e+15
3.23710518616899e+14 2.63657364200607e+14 2.02008773462747e+14 2.0634046616630628e+14 0.15625 4.721638544819719e+13
4.68316261743205e+14 4.31444676190348e+14 3.70897707161489e+14 0.5 1.2184647805048894e+14 2.200175726249754e+14
3.0258493886764e+14 4.34197773783841e+14 4.48472129162555e+14 2.1574538411087188e+14 0.4375 3.357203421355175e+13
1.96970441380141e+14 1.21629330391222e+14 2.19311171995057e+14 4.884770093075151e+14 5.554353129940442e+14 3.11874868919863e+14
2.84202846688544e+14 3.253683606659e+14 2.52143070269633e+14 3.851792344814095e+14 0.125 2.156793746777649e+14
2.86064449104784e+14 1.03075320033901e+14 9.503333973014e+12 3.042193652102078e+14 5.554353129940446e+14 6.570286750664638e+14
3.00404183943604e+14 2.73354907357021e+14 1.59214949561615e+14 3.564769854527365e+14 0.125 7.129338644642982e+14
3.05237795806282e+14 1.67013260198209e+14 2.0609882509157e+14 3.327145969686883e+14 5.554353129940436e+14 3.1246454058075312e+13
3.66229085615878e+14 3.32434719455159e+14 3.37236759810321e+14 0.3125 2.977393323968127e+14 3.025413727519747e+14
2.85574822743613e+14 1.35498151330834e+14 3.85493749915121e+14 3.3736707268207556e+14 5.55435312994044e+14 -8.063649953104212e+13
4.1673376819363e+13 1.56304284101059e+14 2.0836434877421e+13 5.085348635580512e+14 5.456783871486786e+14 7.162857035047615e+14
2.97750934744546e+14 4.2370046631253e+13 2.93076081447746e+14 3.181168842490231e+14 5.554353129940427e+14 7.845030590056375e+13
3.06487292963398e+14 2.71332139807579e+14 5.17616660773406e+14 2.2932346814732094e+14 5.554353129940446e+14 -5.7604578764623125e+13
3.50216164881906e+14 4.17095078363635e+14 4.53833747779477e+14 7.819763551431819e+13 0.375 -1.083378795802045e+14
3.19555386830152e+14 2.82757948641172e+14 3.01863861608747e+14 1.7519678217274875e+14 5.5543531299404475e+14 5.625113422401695e+14
2.57146158598591e+14 2.13077354890543e+14 3.21995682347996e+14 4.296121976432122e+14 5.5543531299404475e+14 1.315108034031905e+14
3.04027306177296e+14 2.49652454505373e+14 2.20496257213731e+14 3.8000848798327906e+14 0.0625 -3.439353790592861e+14
3.61601492593396e+14 4.87737797879683e+14 2.21693941481441e+14 1.206016395234354e+14 0.8125 6.405746384839915e+14
2.81548916337546e+14 1.05300243119801e+14 4.18719491910973e+14 2.9655341866668744e+14 5.554353129940449e+14 2.6033863399225756e+14
3.00225256122108e+14 2.67096374170765e+14 8.1773061453989e+13 3.613405281781305e+14 0.0625 4.648752761014633e+14
4.48769503339908e+14 2.94270801927623e+14 3.16344378397357e+14 0.0625 4.45600053053871e+14 4.5723712944593275e+14
1.11869859833982e+14 1.69408150115571e+14 1.3295231281001e+13 4.774723050998383e+14 5.55435312994045e+14 7.710522547091166e+14
2.6422407811244e+14 1.85101898606823e+14 2.26415733748613e+14 3.2168960793114675e+14 5.5543531299404425e+14 5.243851476233887e+14
3.19910411208859e+14 2.50218852893467e+14 1.95064130081165e+14 2.2367239086521788e+14 0.125 -1.6659514674845438e+13
2.60694301359368e+14 2.31307448526619e+14 1.64856923284426e+14 3.86903381328985e+14 5.5543531299404444e+14 7.44271335872213e+14
2.53696324928929e+14 1.00706796847273e+14 4.17625654392398e+14 3.054105483338559e+14 5.554353129940439e+14 3.6056168373868556e+14
5.1670511701e+13 2.03738362613003e+14 1.71059103698449e+14 5.085348635580512e+14 4.736234816636935e+14 5.3266988412584475e+14
2.9507917037206e+14 2.13274632121003e+14 1.53409028783561e+14 5.0853486355805175e+14 1.6331691669449428e+14 9.981802496239711e+13
2.53807221444157e+14 1.78912835446421e+14 1.53944546985884e+14 5.085348635580511e+14 4.8267895411700056e+14 3.773420512996735e+14
2.95374038615278e+14 2.24569560933781e+14 2.24168876144537e+14 5.085348635580516e+14 1.5288715962559162e+14 -5.699966751909294e+14
3.52070607517528e+14 3.08643144431651e+14 3.44510597838609e+14 1.515126109413196e+14 0.9375 -3.172106962541505e+14
1.97472085567828e+14 4.65409282240619e+14 3.80581097539801e+14 5.085348635580517e+14 9.365132805718094e+13 4.1472213414848406e+14
3.12165004723432e+14 2.06287383358475e+14 2.47957873936052e+14 2.58033542764429e+14 5.554353129940444e+14 -1.2013606738516844e+14
3.07012626299613e+14 2.44167046311124e+14 2.26801665576965e+14 2.2320963142344194e+14 5.55435312994045e+14 -7.249474469507444e+13
3.19835099153194e+14 1.66069983712299e+14 1.84220268583575e+14 2.5554736565807706e+14 5.55435312994045e+14 1.3812717664367984e+14
4.25776282733351e+14 5.54511114601544e+14 5.10531581907167e+14 2.2755317997177625e+13 0.5 1.4752688317316688e+14
3.3337777910043e+14 2.94755454514726e+14 1.09920592156643e+14 0.375 4.7103390040121125e+13 1.5053447246770128e+15
2.80367354547058e+14 2.20802920313851e+14 1.94678664300212e+14 3.9289860164305244e+14 5.55435312994045e+14 5.5596319445051e+14
3.11501004885268e+14 2.39474760094027e+14 1.54708114263593e+14 2.3383351512504306e+14 0.125 1.0219950832527715e+15
2.63353035117916e+14 4.19563850822665e+14 4.51746187729649e+14 3.94126183426279e+14 0.375 -5.4999761965257625e+13
2.9776145755303e+14 3.62509489248637e+14 4.97532685552793e+14 2.0934450895580147e+14 0 -1.2442812018126092e+15
3.3427791287996e+14 2.40872230449631e+14 1.84340792618505e+14 0.3125 2.0841806415060578e+14 3.109120411847034e+14
3.23512903262376e+14 2.25780761277356e+14 1.06293945640157e+14 0.25 5.169423742134942e+14 1.9125743221884215e+15
3.14790955819978e+14 2.06892541694869e+14 1.45100265138671e+14 1.444088626594977e+14 0.0625 -8.613257557912369e+13
4.04031059661172e+14 4.92101824553119e+14 3.38743154190533e+14 0.1875 4.093380793147719e+13 4.801540250719431e+14
2.15739952417672e+14 4.2051271371863e+13 1.51027750395433e+14 3.540684302992041e+14 5.554353129940442e+14 4.6904064284472856e+14
2.70798024336859e+14 2.58770370032911e+14 4.8417270486818e+13 5.08534863558051e+14 4.711436549421266e+13 7.846992957541382e+14
2.72993913429708e+14 2.20627904539955e+14 2.28829497375915e+14 5.0853486355805175e+14 2.6698436812904394e+14 -9.691862514200719e+13
2.5635776024142e+14 2.32711325479339e+14 1.28091819564345e+14 5.0853486355805125e+14 2.953735147883201e+14 5.1782007014459325e+14
2.48743484993113e+14 4.61300516195987e+14 4.63909210377903e+14 3.956762420036865e+14 0.3125 4.361318451044844e+13
3.03383918582992e+14 2.41125655873028e+14 3.96160123340452e+14 2.501110953421417e+14 5.5543531299404475e+14 3.8017827636819694e+14
3.53058711937532e+14 3.20285241836565e+14 3.28969146800759e+14 0 2.6984828298834616e+14 2.1128290948824834e+14
2.66412174964476e+14 3.10346349673192e+14 3.2084926524283e+14 4.5022889745511575e+14 5.55435312994045e+14 5.812562887712362e+14
4.21969737659317e+14 4.27848364926297e+14 2.87053654641956e+14 0.6875 1.8883054149689406e+14 5.4082566470280356e+14
3.11216506167548e+14 2.72504368781859e+14 2.78051114211521e+14 1.5744968866092525e+14 5.554353129940449e+14 4.379686044184086e+14
2.6363860115386e+14 1.90468050169503e+14 1.90206351065537e+14 5.08534863558051e+14 4.0196936770039525e+14 1.4234026341380875e+14
2.99361036118648e+14 2.70400922908699e+14 2.69657404326101e+14 3.620990692761187e+14 0.28125 -2.7804562513861825e+14
3.14978081442568e+14 3.76655326978219e+14 3.54524012179721e+14 6.654584449948747e+13 0.125 2.823985240349557e+14
2.55189587715953e+14 2.27407353663339e+14 1.52014990080711e+14 5.0853486355805175e+14 2.655826692011895e+14 3.336369458213936e+14
4.33070873934442e+14 2.98800717739618e+14 5.23697451485462e+14 0.125 4.662547889942689e+14 1.0217513418927194e+14
3.38505757295488e+14 2.61845357110309e+14 1.74622525430321e+14 1.405032289087825e+14 5.5543531299404475e+14 8.539760279985002e+14
3.43835415011923e+14 2.76860509675739e+14 2.85475574677785e+14 1.863232954720917e+14 0.28125 -2.9530699825102025e+14
2.24918783892404e+14 2.75196626054923e+14 1.88492808724473e+14 5.0853486355805144e+14 3.5276683587800606e+14 5.6179944349806025e+14
1.89024738820668e+14 4.17890382425239e+14 4.43230129406241e+14 5.0853486355805175e+14 2.332845325769728e+14 2.6217439205505684e+14
3.03562465525444e+14 3.89915200600327e+14 2.00432127487355e+14 2.891877115862615e+14 0.8125 4.0167868263591044e+14
2.85274970994444e+14 2.16928731935587e+14 1.85600068878297e+14 5.085348635580516e+14 3.588135234713376e+14 1.7516736361831534e+14
2.79865572444166e+14 4.44900599252449e+14 4.01710253401859e+14 3.1435399099086744e+14 0.5625 1.706378491389594e+14
3.63119320076126e+14 2.89475834781019e+14 3.09874634903035e+14 0.3125 4.495606963199561e+14 3.8015579362744644e+14
2.76494328515428e+14 2.46366031255369e+14 1.89027347856371e+14 3.589128036457416e+14 5.55435312994045e+14 7.590884675077068e+14
2.41197388269688e+14 4.40907991158359e+14 3.04939529022521e+14 4.195994656170009e+14 0.0625 3.3297414117709875e+14
2.890797694957e+14 2.33277121379155e+14 2.71068194362334e+14 4.3029979869674756e+14 5.5543531299404475e+14 -1.1728688594054681e+14
3.22806407815692e+14 1.99482204425513e+14 1.56277724404674e+14 0.25 5.3035877243659706e+14 -8.582708145709484e+13
1.28813048287852e+14 2.58819612383971e+14 2.74768442497649e+14 5.085348635580517e+14 4.424894034657524e+14 4.4605600047279344e+14
3.05549959176484e+14 1.96904784246605e+14 1.97499868209335e+14 2.87623432739112e+14 5.554353129940447e+14 4.036549222391128e+14
8.354100085447e+13 2.80859539718354e+14 1.48161904713834e+14 5.085348635580512e+14 4.40758220735543e+14 6.362736678189371e+14
1.58920080018588e+14 4.8237447310059e+13 1.0593133529521e+13 4.4961621886384506e+14 5.554353129940431e+14 5.652267708242375e+14
3.0181767840214e+14 2.21641313392951e+14 1.59965777154373e+14 5.085348635580518e+14 1.56673055201093e+14 2.4265265121673775e+14
2.98236142755294e+14 2.14664527990055e+14 1.50874534137112e+14 5.085348635580515e+14 1.7681075824555866e+14 1.9013029535362672e+14
3.2707864052734e+14 1.95441112946845e+14 1.81775729483231e+14 9.565379763985478e+13 5.5543531299404425e+14 -4.107782292693997e+13
3.35885489881483e+14 5.55435312994045e+14 4.36597470120911e+14 2.6957770833025628e+14 3.125 5.855700127690419e+13
2.56993001165358e+14 2.58948800095657e+14 3.49313093963627e+14 5.085348635580515e+14 3.1798413514700344e+14 -2.5387402503926062e+14
2.55643267162018e+14 2.52756844792057e+14 1.42459900779227e+14 5.0853486355805125e+14 1.974799931207929e+14 4.243718443026739e+14
1.37122560698884e+14 2.9058774113767e+13 2.04664269730601e+14 4.7168392015668706e+14 5.554353129940438e+14 3.284519727299881e+14
2.05616926032202e+14 2.82415861203343e+14 3.6937121563676e+14 5.085348635580519e+14 5.2545467154385044e+14 3.4823740604193325e+14
3.11300945599604e+14 2.52700220734111e+14 2.88886007718709e+14 1.941131679505973e+14 5.554353129940449e+14 1.4240128565745066e+14
2.49686973576562e+14 1.67072583133603e+14 1.33383456041251e+14 3.4628480993778844e+14 5.55435312994044e+14 6.183440222629185e+14
2.44944505592545e+14 3.90431690695441e+14 1.52932943116202e+14 5.08534863558052e+14 2.1405189543731125e+13 1.2168794789042485e+15
3.46218428016218e+14 5.50984980225212e+14 2.85075405480352e+14 2.60546982920225e+14 2.1875 1.943644636140065e+14
3.2334473030986e+14 2.56479063312235e+14 2.85870547738199e+14 2.000638026060208e+14 5.55435312994045e+14 5.4476049591626125e+14
3.37439672310474e+14 2.01989556870115e+14 1.67895601546913e+14 1.2372772517662625e+13 5.554353129940449e+14 3.8202697204535225e+14
3.31269371981756e+14 1.24824039230827e+14 2.85042845419185e+14 2.4232343674541934e+14 5.554353129940441e+14 1.9750875042469497e+14
2.14863431658481e+14 2.37658005804868e+14 2.92900005016091e+14 5.0853486355805175e+14 4.134613119760396e+14 2.149871761447763e+14
3.41991423677957e+14 1.34808175852434e+14 1.49033325097441e+14 2.1697986194006572e+14 5.554353129940447e+14 4.593561430585594e+14
2.45841400910212e+14 3.25647921711479e+14 1.00131782004781e+14 5.0853486355805175e+14 3.559587058631528e+14 1.5449458265678995e+15
2.80251602048812e+14 2.74132710796843e+14 2.68974157447445e+14 5.08534863558052e+14 3.88274341551463e+14 2.152604488570356e+14
2.68493955591317e+14 3.1529848712489e+14 2.52589319976887e+14 4.4859657499318325e+14 5.55435312994045e+14 1.2217129386631195e+15
3.27368735378805e+14 4.27850474203108e+14 7.5223607587272e+13 1.3483602198740656e+14 0.3125 1.410117087100968e+15
2.54628461671252e+14 3.17516316956587e+14 3.37990125196121e+14 5.08534863558052e+14 2.585737593757227e+14 1.1582202354517097e+14
3.42351590820436e+14 2.76549872505579e+14 2.92761117075417e+14 0 3.450201906696662e+14 1.0018834723892175e+14
3.01509004597636e+14 3.55359030053527e+14 1.62151453574411e+14 3.2382354337650725e+14 1.875 2.1012771194898425e+14
2.87224987598008e+14 1.96991515981619e+14 1.89116670351481e+14 5.085348635580514e+14 3.798633608538654e+14 -5.898334848793603e+13
2.80767298479012e+14 3.41622185023339e+14 2.41788076632713e+14 3.9319991633479444e+14 0 5.228696212721691e+14
4.93169511921778e+14 3.91078873522247e+14 3.90285963660175e+14 0.25 2.759335689766337e+14 3.120740586857961e+14
2.73493248573433e+14 5.46578116352407e+14 2.13060694244072e+14 3.071686775430125e+14 1 6.327083475572936e+14
3.10966272678685e+14 2.00631233414606e+14 2.68956612106818e+14 2.981110524040677e+14 5.554353129940445e+14 -1.073128384563232e+15
2.2922335525693e+14 1.02051187192621e+14 8.73263776847e+12 4.429776577439536e+14 5.554353129940448e+14 6.387453187828554e+14
3.74733308713035e+14 3.41834726352694e+14 3.54419566120407e+14 0.125 2.270515507108635e+14 1.8224480265766125e+14
3.70955593729804e+14 4.54682333609071e+14 1.32361405608533e+14 0.125 5.784611706090869e+13 1.202093815434014e+15
2.23475291985512e+14 3.98777052778817e+14 3.36154272508325e+14 5.085348635580515e+14 1.00594551798995e+13 1.6252707891414184e+14
2.83795790494765e+14 3.02675910869296e+14 1.55064179955614e+14 5.08534863558052e+14 2.080489327373857e+14 2.63902235591826e+15
2.53175177118088e+14 2.38805016108809e+14 3.27202253304521e+14 5.08534863558052e+14 5.00392987583894e+14 -1.2239281109577438e+13
2.93622634725574e+14 2.41174662330409e+14 1.82938240862141e+14 5.0853486355805194e+14 1.8646973135486916e+14 3.431455387190791e+14
3.33191929575892e+14 3.13778675673067e+14 3.18471123472217e+14 0 4.3322483910593394e+14 4.5677720744711556e+14
3.69161188627828e+14 2.50385121436635e+14 3.62116622742569e+14 0.5 4.621989181903065e+14 -6.756279352916469e+13
5.08534863558052e+14 5.04402883021075e+14 3.88109504417105e+14 0.8125 1.488594402792172e+14 3.3854890330763394e+14
3.02210813315774e+14 2.07521985252901e+14 1.51391934832205e+14 5.08534863558052e+14 3.057715329873191e+14 2.083766725181675e+14
1.65793968623187e+14 2.6284503920678e+13 1.81666237367869e+14 3.534019827491989e+14 5.554353129940448e+14 5.0076021011211144e+14
3.04100772841297e+14 1.28423450296065e+14 3.38274743468007e+14 3.1182450162394775e+14 5.554353129940429e+14 -1.5052694949117694e+14
2.52208158100908e+14 3.95566158014815e+14 3.24753621897181e+14 5.085348635580519e+14 4.330660211805875e+12 5.675894481197384e+14
3.15253407088972e+14 3.12296530582795e+14 2.53984174512497e+14 3.864790857278216e+13 0 6.108944951785484e+14
3.19690234947588e+14 3.50312093374059e+14 2.63906379724521e+14 0.0625 1.3341305186060875e+13 9.205674028601071e+14
3.27009249338848e+14 1.87121459388679e+14 1.56155828606741e+14 1.5193629650401084e+14 5.5543531299404394e+14 2.767249376345062e+14
