25379 1 470
25A7Q 1 998
276A3 1 121
28674 1 60
2936T 1 414
29374 1 374
2T456 1 365
2T537 1 34
2TQK6 1 305
2Q456 1 473
2K9T4 1 138
2A3K7 1 350
2A534 1 149
3478K 1 592
348Q7 1 893
34AQK 1 116
35496 1 674
354Q9 1 46
38647 1 237
39462 1 405
3Q925 1 279
3AQ96 1 735
42Q5T 1 153
45K29 1 72
47593 1 509
4827K 1 195
49286 1 896
4T2A5 1 63
4K3TQ 1 422
4KA9Q 1 933
4KAT9 1 989
4A27T 1 772
4A7TQ 1 789
52749 1 106
528KQ 1 43
52KT4 1 586
53A2T 1 921
54T68 1 521
563TA 1 878
57AQ9 1 194
5867T 1 517
58K94 1 355
5T637 1 584
5T729 1 946
5KA78 1 418
62AK3 1 519
634T7 1 939
642T9 1 341
64389 1 76
64Q7K 1 911
67K23 1 749
68K79 1 597
692A4 1 809
6T372 1 902
6Q347 1 1000
6KA94 1 376
6A3Q5 1 369
74T93 1 53
769T3 1 692
79K5Q 1 269
79KA8 1 90
7QT64 1 652
7KT35 1 856
7A5Q6 1 223
8325T 1 792
83Q49 1 65
85947 1 402
8793K 1 846
8K642 1 978
8KAQ5 1 323
8A639 1 641
93Q27 1 713
93KQ4 1 371
965K7 1 268
97TQ6 1 122
97TKA 1 588
9T352 1 283
9TK6Q 1 615
9K8AQ 1 729
9A847 1 669
T267Q 1 126
T459Q 1 786
T57AQ 1 583
T65K3 1 315
T7382 1 440
T9Q32 1 154
TQ384 1 537
TQ683 1 219
TQK4A 1 679
Q385K 1 7
Q3K42 1 147
Q5678 1 494
Q5K74 1 579
Q6247 1 82
Q643K 1 967
Q7K3A 1 146
Q8463 1 259
Q89K2 1 739
Q8T9K 1 764
QK653 1 510
K3782 1 503
K37TQ 1 912
K4279 1 313
K4678 1 770
K527T 1 453
K54AT 1 977
K69T4 1 1
K856Q 1 416
K9324 1 443
K9843 1 594
KT9A3 1 969
A2386 1 37
A32T8 1 383
A3467 1 158
A3658 1 766
A3695 1 372
A59K8 1 210
A682T 1 616
A7Q96 1 288
A8753 1 666
AQK32 1 920
AK45Q 1 174
AK57T 1 406
J2TK9 2 244
J38T4 2 481
J5K4Q 2 480
J6K3T 2 150
J76QK 2 860
J95Q2 2 94
J974T 2 148
J9KTA 2 776
JQ5A4 2 754
JA43T 2 988
JA742 2 699
234T4 2 731
24QQA 2 42
24QK4 2 958
25J79 2 991
2588K 2 742
2789J 2 954
28Q66 2 460
29JQK 2 187
2T5KJ 2 548
2Q2T6 2 489
3J4KT 2 513
3JQ84 2 587
337Q5 2 700
33924 2 127
33AKQ 2 213
346T3 2 869
35J74 2 247
35596 2 139
36494 2 551
365Q6 2 667
377A2 2 614
3843T 2 314
3929K 2 499
39964 2 301
39KJ7 2 814
3T5J8 2 396
3Q4AJ 2 668
3K78J 2 320
3A4KJ 2 813
42JA5 2 140
436AA 2 373
43K77 2 347
44TQ6 2 972
4634A 2 104
4742Q 2 788
48568 2 41
49A4T 2 270
4TT68 2 725
4Q486 2 327
4Q565 2 533
4KK37 2 243
4KAK7 2 152
4AJ6K 2 242
4A92A 2 110
4AQQ5 2 987
4AKJ8 2 322
5JQK7 2 949
52JAQ 2 209
54582 2 787
545Q2 2 300
545K8 2 673
54K94 2 267
55368 2 281
5542K 2 932
56J42 2 864
566K4 2 677
5682J 2 74
568A8 2 561
58328 2 166
5847J 2 999
592K9 2 69
5945Q 2 463
59Q8Q 2 670
5TT78 2 398
5Q3JK 2 118
5QKJA 2 401
5K2AA 2 205
5K43J 2 346
5A857 2 335
62J5T 2 498
64JQ2 2 388
667AK 2 838
68AKK 2 662
695JK 2 11
6T4AA 2 248
6Q443 2 712
6QAJ4 2 178
6A882 2 952
72J5T 2 137
72429 2 675
72AAQ 2 278
746A6 2 446
76K27 2 842
77283 2 964
77T32 2 934
7847A 2 246
787QA 2 755
78A8Q 2 689
7T9QT 2 468
7TQJ8 2 435
7TA4A 2 211
7KK26 2 744
8J357 2 741
82A2T 2 472
8365J 2 203
84T8A 2 696
8552K 2 640
876J2 2 637
8826Q 2 718
89827 2 906
8TJ72 2 905
8T4T7 2 193
8T548 2 889
8T559 2 898
8TQQ3 2 215
8TQQA 2 485
8QQA7 2 351
8QKJ4 2 570
8QAJ5 2 495
9J2AQ 2 580
9J3Q5 2 957
93259 2 918
93522 2 672
93K35 2 400
95AJ8 2 358
97JA8 2 837
97335 2 18
993Q7 2 310
9965T 2 961
996Q7 2 916
9982A 2 774
9Q228 2 539
9K962 2 538
9AJK6 2 617
9A855 2 235
9AA63 2 240
TJ938 2 888
TJK24 2 717
T22Q8 2 622
T269T 2 926
T2A92 2 694
T3J29 2 454
T49J2 2 102
T659T 2 403
T6683 2 30
T69KT 2 938
T6K8T 2 105
T82A8 2 963
T8A55 2 491
TQJ65 2 836
TQJK5 2 109
TQ4QK 2 156
TQ5QA 2 573
TQ6Q9 2 168
TKQ66 2 951
TA665 2 975
QJT34 2 890
Q2T3Q 2 816
Q2K77 2 238
Q53K3 2 765
Q5442 2 482
Q56JK 2 636
Q5TQ8 2 661
Q6J58 2 722
Q7A9A 2 815
Q8277 2 606
Q96AJ 2 936
QKA6A 2 711
QAJ26 2 806
K2238 2 736
K2788 2 648
K288T 2 68
K3882 2 750
K3A83 2 245
K6TQT 2 336
K7567 2 514
K87QK 2 54
KQJ95 2 112
KK792 2 420
AJ678 2 352
AJ9T7 2 862
AJQ49 2 87
A2Q99 2 884
A5Q9A 2 605
A6T2J 2 540
A6QQ9 2 326
A864A 2 160
A8Q3J 2 253
AQ282 2 756
226Q6 3 759
226QQ 3 948
22T9T 3 239
23932 3 907
24525 3 359
24992 3 505
24T42 3 311
255Q2 3 228
26336 3 546
27424 3 284
27788 3 681
288K2 3 820
29772 3 331
2Q55Q 3 407
2A277 3 609
2A2A9 3 790
2A626 3 113
2AA32 3 131
33525 3 391
336QQ 3 612
34322 3 874
34453 3 656
36693 3 761
38KK8 3 260
38AA8 3 199
3T388 3 361
3QKKQ 3 29
3A377 3 256
3A4A3 3 464
3AA83 3 474
43774 3 743
43TT3 3 275
44228 3 655
4545Q 3 66
46436 3 479
46468 3 737
4646Q 3 549
4646A 3 182
46565 3 543
48A4A 3 220
4TT48 3 851
4Q884 3 225
4K4AK 3 103
4A99A 3 703
4AAQQ 3 581
54T45 3 303
55474 3 325
56622 3 32
575A7 3 467
5A7A7 3 913
5AA99 3 768
63223 3 981
63553 3 437
63K6K 3 706
64645 3 307
66744 3 49
66Q9Q 3 653
67K6K 3 282
68468 3 872
68787 3 871
6T6TA 3 629
6Q6Q5 3 308
72872 3 222
7373Q 3 644
7557K 3 364
75745 3 151
77655 3 93
77A66 3 740
78478 3 432
79KK9 3 266
7T22T 3 62
7T33T 3 941
7Q74Q 3 915
7K22K 3 631
7K57K 3 818
7KT7T 3 732
7KQ7K 3 720
7A72A 3 24
83348 3 531
88676 3 595
88Q99 3 619
8KK87 3 919
8A84A 3 234
8A8A7 3 682
8AA66 3 186
92279 3 356
93693 3 535
93TT9 3 2
95539 3 642
95965 3 344
96644 3 502
969K6 3 685
99QQ7 3 375
9QQT9 3 500
T55QQ 3 708
T66KT 3 348
T9T44 3 423
TKT7K 3 292
TKK33 3 363
Q2277 3 784
Q443Q 3 338
Q838Q 3 935
QQ66A 3 715
QQ727 3 85
QQT66 3 914
QKAAK 3 684
K2727 3 360
K5588 3 876
K5K65 3 929
K64K6 3 785
K989K 3 227
K9K94 3 250
KQK99 3 397
KK2AA 3 747
KKQ7Q 3 393
A288A 3 408
A2A25 3 903
A3434 3 832
A55A3 3 299
A5A52 3 704
A6886 3 600
A8899 3 695
ATQAQ 3 909
AK3K3 3 875
AA565 3 272
AA8TT 3 927
AA8QQ 3 990
AATT5 3 802
JJA62 4 291
J2J83 4 177
J272Q 4 286
J3J68 4 75
J32J7 4 698
J33KT 4 841
J3KK5 4 822
J4JA2 4 45
J45JQ 4 133
J48Q4 4 769
J4Q33 4 844
J554K 4 793
J5838 4 196
J6445 4 488
J6525 4 329
J667A 4 604
J6TKJ 4 944
J6QJT 4 526
J7547 4 613
J8834 4 865
J9QQT 4 390
J9A92 4 44
J9AA3 4 40
JT3T2 4 738
JT3A3 4 455
JTKK3 4 19
JQATQ 4 309
JK2K7 4 901
JK3TT 4 965
JK69K 4 843
JK988 4 970
JKQ7Q 4 525
JKQ8K 4 714
JKK23 4 214
JKK8T 4 647
JA3QA 4 804
JA8J2 4 553
JAT5A 4 413
2J268 4 165
22JK4 4 719
2292A 4 429
2336J 4 134
25575 4 197
25666 4 516
27JAJ 4 324
28J66 4 208
299T9 4 404
29T2J 4 810
2Q2A2 4 415
33387 4 826
33536 4 567
343Q3 4 678
34733 4 31
35552 4 57
373J8 4 128
377Q7 4 923
38334 4 255
38889 4 931
3888K 4 445
3QAJQ 4 342
3K383 4 585
4J2J3 4 117
4J49A 4 798
43J55 4 908
44JQA 4 945
44548 4 180
45494 4 560
4666K 4 900
48J5J 4 701
48644 4 450
48838 4 181
48886 4 136
49997 4 258
499A9 4 757
4TJJQ 4 568
4T3TT 4 447
4Q445 4 233
4A4J5 4 224
5J474 4 724
5JK85 4 839
53A33 4 716
544A4 4 501
55568 4 707
55584 4 835
555AT 4 611
55QA5 4 559
5676J 4 16
57J2J 4 683
57773 4 190
58JQ5 4 780
58575 4 646
58988 4 47
5A556 4 17
5A7AA 4 794
6J3T6 4 850
6J878 4 974
62224 4 191
62TTT 4 155
646JQ 4 828
652J2 4 899
662K6 4 799
664J3 4 782
6646T 4 746
666Q4 4 873
666Q9 4 441
666AK 4 660
67669 4 727
6TJA6 4 115
6T8TT 4 428
6Q667 4 824
6A333 4 691
7JJAQ 4 202
7J266 4 930
7JTQJ 4 67
723J7 4 697
73J7T 4 534
7399J 4 298
744K4 4 101
75JA5 4 26
775AJ 4 868
77752 4 797
77769 4 880
77847 4 462
77957 4 302
77974 4 563
78772 4 663
79Q99 4 111
7T9TJ 4 433
7Q87J 4 10
7QKKJ 4 426
7KT77 4 986
7ATJ7 4 99
8J464 4 512
8J8TK 4 274
82922 4 36
8482J 4 688
8487J 4 771
85525 4 657
85A55 4 377
86222 4 410
8838T 4 781
8858T 4 92
88T68 4 778
88A83 4 665
89K88 4 726
8T88Q 4 891
8TTJ6 4 421
9J3KJ 4 524
9J5AA 4 141
9J668 4 129
9JT92 4 486
9JK22 4 575
944TJ 4 733
9479J 4 497
95JJ4 4 273
95994 4 760
96599 4 897
97JQJ 4 333
98488 4 676
9869J 4 84
989T9 4 966
99J5Q 4 795
99349 4 73
99529 4 643
9989K 4 730
99K92 4 384
9T444 4 108
9TQQQ 4 412
9TAAA 4 64
9A4JJ 4 262
TJ5JA 4 61
TJ7T8 4 554
TJA4T 4 879
T2T7J 4 50
T2TTK 4 263
T3J63 4 293
T3444 4 545
T4JJ9 4 566
T4333 4 175
T5552 4 650
T8TJQ 4 582
T8T9T 4 442
T9JJK 4 823
T93JJ 4 762
TTJ7Q 4 845
TT5T8 4 807
TT93T 4 680
TT97T 4 425
TT9TA 4 558
TK4KK 4 572
TK5TT 4 56
TAJ7T 4 132
Q2229 4 638
Q3JQ8 4 231
Q3332 4 265
Q4A44 4 928
Q5888 4 574
Q58QJ 4 808
Q5Q2J 4 959
Q6366 4 330
Q72J7 4 88
Q8J84 4 830
QQ2QT 4 411
QQ38Q 4 885
QQ5KQ 4 866
QQ68Q 4 142
QQ76Q 4 95
QQ7TJ 4 624
QQ9Q7 4 992
KJ446 4 173
KJ46K 4 892
KJ755 4 709
K2A22 4 767
K3KJA 4 955
K44J8 4 973
K4445 4 317
K4TJ4 4 58
K555T 4 748
K62KK 4 277
K6KK4 4 623
K6KAK 4 198
K9KK6 4 564
KQ333 4 779
KK52K 4 917
KKTJA 4 192
KKK98 4 9
KKKT8 4 183
KKAK8 4 943
KAK3K 4 693
KAK4K 4 590
KAA7J 4 206
AJ7A8 4 312
AJ933 4 817
AJQKK 4 937
AJK8A 4 39
A29J2 4 877
A3323 4 4
A3T33 4 14
A3K33 4 345
A44T4 4 496
A5355 4 430
A5AAT 4 800
AQJQ8 4 362
AKQAA 4 28
AA3TA 4 687
AAT4J 4 471
AAQA3 4 942
AAK2A 4 994
AAKA9 4 821
AAA35 4 475
J3399 5 849
J4334 5 529
J5995 5 980
J6363 5 625
J9A9A 5 734
JK7K7 5 3
JA2A2 5 550
JA55A 5 984
22424 5 20
22727 5 378
22AAA 5 387
2626J 5 96
29922 5 204
2TTT2 5 349
2Q2QJ 5 562
2K22K 5 962
2KK2K 5 528
33JAA 5 853
33399 5 59
333KK 5 857
33555 5 982
337J7 5 261
33T3T 5 163
33QJQ 5 295
33QQQ 5 940
33A3A 5 241
34433 5 508
3T3TT 5 859
4JQ4Q 5 827
42442 5 831
444TT 5 924
4466J 5 216
44777 5 332
47474 5 170
48488 5 424
5J885 5 848
54544 5 976
55599 5 686
55999 5 803
55TTT 5 947
55K5K 5 993
57577 5 569
5Q5Q5 5 207
5QQQ5 5 343
5KJK5 5 953
5KKK5 5 434
5AA55 5 723
5AA5A 5 458
62262 5 659
63336 5 27
63636 5 419
65J65 5 459
66446 5 461
666KK 5 120
66776 5 487
676J7 5 996
67677 5 541
69966 5 143
75557 5 773
77JTT 5 555
77272 5 520
778J8 5 354
77878 5 577
77979 5 25
77AA7 5 658
79J79 5 83
7T77T 5 212
7QQ77 5 15
7K7KK 5 285
8J228 5 745
8JA8A 5 171
82228 5 895
833J8 5 602
83338 5 296
86886 5 518
88228 5 276
88666 5 38
88787 5 427
88833 5 100
888KK 5 297
8QQ8Q 5 983
9J944 5 438
93939 5 167
98898 5 922
99J22 5 671
99292 5 530
99696 5 51
99898 5 399
999TT 5 811
99AAA 5 493
9Q9JQ 5 6
9Q99Q 5 188
9QQ9Q 5 465
T5J5T 5 91
T55T5 5 861
TTJ22 5 593
TTJ33 5 639
TTJ88 5 289
TT44J 5 89
TTT44 5 144
TTT99 5 506
TQQQT 5 956
TATJA 5 382
TATAT 5 395
QJTTQ 5 229
Q33Q3 5 185
Q6J6Q 5 417
Q6Q6Q 5 522
Q8Q88 5 476
QQQ77 5 608
QQQKK 5 290
QQQAA 5 164
QAAAQ 5 664
K44KK 5 97
K999K 5 985
K99KK 5 409
KTKTK 5 392
KQKKQ 5 547
KK22J 5 201
KK88J 5 236
A3AA3 5 478
A8A8A 5 264
JJ229 6 394
JJ848 6 55
J2AAA 6 319
J3433 6 763
J5666 6 33
J5KKJ 6 159
J7JKJ 6 805
J7477 6 162
J7555 6 123
J8288 6 825
J8TTJ 6 995
J9J89 6 321
J9929 6 452
J9939 6 304
JT8TT 6 254
JTTJ5 6 492
JQ4QQ 6 436
JA5JA 6 367
2J228 6 172
22J26 6 316
22J2T 6 654
22223 6 705
2223J 6 439
2224J 6 599
22272 6 753
22292 6 169
22Q2J 6 385
22AJJ 6 477
25222 6 950
2K222 6 758
3J336 6 124
3J3AJ 6 894
33339 6 796
3333A 6 79
33373 6 536
335J3 6 107
33T3J 6 23
33K33 6 791
34333 6 77
37J33 6 634
38J88 6 176
3TJJ3 6 532
3T333 6 621
3QQQQ 6 448
4JJ4A 6 589
42444 6 431
444JT 6 783
44447 6 834
44448 6 370
44494 6 469
44K44 6 135
4644J 6 728
4T444 6 456
4AAJA 6 221
5JJ4J 6 710
5JJ45 6 226
5J22J 6 610
5J5Q5 6 280
5J6J5 6 368
52555 6 601
55J95 6 389
55455 6 98
55Q55 6 340
5KJJ5 6 380
5K555 6 114
6J66Q 6 511
63333 6 5
65JJJ 6 230
65555 6 632
66J86 6 125
66366 6 515
66466 6 490
666J3 6 80
666JA 6 257
66626 6 881
66656 6 883
66766 6 552
69J99 6 217
6T666 6 603
6QQQQ 6 904
6AJJA 6 52
72JJ2 6 626
75J77 6 71
77J37 6 386
77J78 6 70
77277 6 651
77737 6 777
77747 6 504
77757 6 887
777T7 6 381
777Q7 6 702
79777 6 12
7T7J7 6 645
7QQJJ 6 544
7KJJK 6 565
7KKKK 6 598
8J333 6 78
83333 6 318
86666 6 21
88J3J 6 854
88288 6 635
888J7 6 328
88887 6 357
88889 6 556
888K8 6 366
8K88J 6 251
8A888 6 48
9J979 6 218
944J4 6 483
95999 6 863
98999 6 812
99J9A 6 968
9989J 6 620
9999K 6 337
9999A 6 306
99T99 6 591
9Q999 6 527
9QQQQ 6 334
9KJ99 6 596
TJJ7T 6 578
T3TJT 6 35
T9TTT 6 86
TT2TT 6 353
TTT6J 6 249
TTT6T 6 979
TTTT8 6 22
TTQTT 6 557
QJ9QQ 6 630
Q9J99 6 649
QTJQQ 6 833
QQJ3Q 6 179
QQ5QQ 6 628
QQ7QQ 6 751
QQQ8Q 6 752
QQQTQ 6 870
QQQQ2 6 925
QAQJQ 6 607
K5KKJ 6 858
K6666 6 184
KTKKJ 6 886
KQQQQ 6 81
KK2JJ 6 484
KK4KJ 6 157
KKK3K 6 633
KKK5K 6 721
KKKK4 6 523
KKKKQ 6 294
KKKAK 6 232
AJ6J6 6 444
AJA7A 6 379
A2222 6 449
A4444 6 801
A88J8 6 451
ATAAA 6 161
AKAAA 6 690
AAJA6 6 507
AA9AA 6 997
AAAJ5 6 852
AAAQA 6 819
JJJJJ 7 287
JJJ8J 7 910
JJJ99 7 542
JJ555 7 855
JJ666 7 882
J33J3 7 339
J44J4 7 119
J8888 7 627
J999J 7 960
JTTTT 7 8
22J22 7 252
3333J 7 271
4444J 7 840
5J5JJ 7 618
555J5 7 571
6J666 7 971
7J77J 7 829
7J777 7 867
8J88J 7 466
9J999 7 189
TTTJJ 7 145
QJQQJ 7 847
QQJQQ 7 775
KJJKK 7 13
KKKKJ 7 457
AJAJJ 7 200
AAJAJ 7 576
AAAAJ 7 130
248652697
