.O.....##O.O#..O#....##O#.#.#..##O#..O.....#.OO..O.O.O.O...O....#O...OO....##.O..OO.O......O..O.....
....O..#O....#...#OO..#..#..O.....#O......O.O.#..OO..O....#..#.OO....##O...O..##...#.O...O.#...#.O#.
.O.O#.O...O...O....O...O#....#.#O#...O...#.#..........O#...O#O..O..#.OOO..O.O.....O#.........#O...O.
.O....O.OO.#.....#.#O......##O..O.O.##.#..O##O.O.#OO....O.O..O#.OOO..O..#..##.#...#.O.#O.#.#.....O..
..O......O..O.O.#.OO.OO...#.O....#...#O..OO.#.O......O....O.O.....O.#.OO..O.OOO.......O.O...##O...O#
.O.O.........#.O#.#OO##..#OO..OOO#....#....O.O..#.O......#.OO..#..O.O..O.O..#....#.O#..OO###.....#..
.O..#.#.OO.#...........#..O#....O..O.O#.......#.OO.#OO....O.#O.#.....#.OO.#...#..O..O##.O.O##..#.#.O
..O..#...#..OO.#O.#.O.O#O...O.O..O..O#..#..#..O..........O.O#.....O...........O.###..#.#..O#.#.O...#
#..O...#.O..O.O......#O.O##...##...OOO....#.O.O#OO.##...OO.OOO..#.O..##.....O..O.O.#O.O..#.O#O...O.#
OO....#.#...O...O.#...##O..###O.......OO...#.#...O.#..#.O......O....#.O#..#O..O...OO...#..O#..O....O
O#..#O...##O.....#.O.#.O...##......#...#OO#...O.......#.#.OO#.#..#..O#OO...O.......O.#...#.##....O..
#............O#....##.O.O..#O.#.OO.O...OOOO#.......O#O..O.......O#OO#...O.O....#.....#O.#.#..#.OO.O#
#O.O.....O....#O..OO.#O.#....#.##O.O...........O.##.#O##O...O#..O.O.O#......O...O.#....#OO#.#..O..##
.O..#O.O.#....O.........#.....OOO.......O.#O.....#OOOO#.O##O.#.O...O..#OO...O.....O..#.#......OO.O.#
O..O...O......O.O...#..#...#.OO.#.OO.O..O...#...#...O.###....#O#.O..O..#O..#.O.##.......O#..#O......
#..O...#...#OOO.#.###.#....#..O.O.#.#......OO.#.#...#....#.OO.O..#.O...#.#.....O.#O.O.#O..O....O.O..
OOO.#...##.OO.O....#.O.###.#.....O.OO#..#....OO...O#.#.O..#O.#..#.O..O....#O.OO#...O..#.....#O...O.O
.#.#...........#.............O.#..##.#O.#.O......#..O..OO.##O.O##.....#..O.O..O.OO..OO.#O.O.##O.O...
..O......O..##O.O...##......##OO..#O.#..#..OO...#...O.O..O..O.O.O##.#O.O#.#.O#....##.O.....O..#.O...
.#...#O.#.#....O..O..O#.O.....O..O.#.O....O.O...#.O#......O..O.O...#.#...O..##O...#.#...O.##..#..O#.
.O#..O.#....#.OO.#.....#O....O#O.#..#.O.....#......#O....O.........#.#O.OOOO#O.OOOO.#.....O.#.O..#OO
#..#.....O.....#.....##.O....##.O.O#OOO..O....O...#....O.O.....#.O#.O....O.O....#..O....O###.#..O#O.
...O...#..#O.O.O.......O.....O#O....#.#OO#......#..OO.....#.#...#...OO.O#O#O.#.#O....#..O....O...OO.
..#.##.#.#..............#O...#O#..##O.#.....O.#.#......O.....O#..O.O.O.#OOO####O.....O..##.O.OO.#..#
O...O#.O....#.O...........#......##.O.O#.....#.O..OO#...O#.##O..##.....#.O.O.....O#.#O.O..O...OO#...
OO.........##....##.O.O.OO.....O...........O.....O..#..#.OO........#O...OO.....#.O.........#........
#..#.##O#.O#O..#..O...#.#.O.OO...##O..#..O.O........#.#O#..#..O..#.O.....O...O..O.O....#...O#....#..
O.#.......O..O#O...OOOO#OO..O..#....#O..#...OO..#....O......#..#....O.O#.#....O.OO..O....O....OO..#.
O.OO..........#..O.#O#.#.#O...##..#..O##..##O#.OO......O..#.O.O.O.OO....#.....OOO#.O.#.O.#O##.#OO.#O
#..O....##...#.O.OO.O.O......#.OO...#......O........OO.#O..#.......OO..O..O...#.O......O.#O#O#...#OO
#...#..#OOOO#.#O#O.O#.O.#.###...O..#.....O..............O.....O.#.O....O.O....#...........O...O#.O..
.#O.O.OOO.....O...O...#.........#..O..O.#..#.O#....O#O..OO.........OO#.........#..OO.O.......#...O..
..#...O...#O...O..#.....O..O.#.......O...O.O.O.....O......O...#.....##.O.O#..O.#.O..#.O..O..OO......
.O.O..O..#O..O#OO#OO.#....O...#.O#.O.#...###........O.....O..O.OOO.O...#....O.O....O..OO.###...O...O
.#.....O..OOOO..#...#.#.O......O..O..#.##.#...O#..O.#.#.O#.....##...##O.......##..O.O.O.......#..OO#
...O...O...O..O...#..O#....O....#......O..OO#...O...#.#O.##.#..O..#.##O..#.#...O.....#.#O.O..O.O##..
.#OO#.....#O...O.#.OO......OO...O..O..O...#............#.OO##..OO..O.O......O..O...O...O...O...O....
...O....O..#.O.O###..##.O..O.O.#...#.OO.O..O.O.O.O.#.O..#.O##.......O..#......O.O..O.OOO..##O....#..
O...O.#..........O..OO.O#...#OO.OO..#O#.......O..#....O.......O.#OO.O.O.O.O##.OO..##...O#..OO#..#.#.
.O....#.#O............OOO.......#.O..#.#...#O......#....#.##..O.#.##OO..OO.#.#......O.O.....#.OO...O
..O...O#...O..O..#..#O..O#..O#..O.OO..O#.#...O####..O...O#..##......O#....O....O..O...O........O..O.
O.O.#..#.#..##..#.#....#..#..#.###.O#.O....OO...#....O#.....#.........#.###..#.#OO..#O...O...O.#....
..OO.#.O.....O.O..#.......O...O..##.#.#O..#....#OO.O....O......#.OO#....O..#O.O...#.OO#O.#....O..O.#
#...O#.O...O..O..O.O#...O.O.......OO....OO..O#.O..............O..O#.#...O#....OO..OO..O....#.#O.O..#
O.O.##..O#...#O......O...O...OOO.....#....O#...O#.#.#........O..##..##.O..##O.O..O..#............O.#
.....#....O..O.O...####...#.O.#..#.#..#....#...#.OO.#..##...OOO.#..#......O.OOO.....#O#.......OO....
...#.O#.O...#.OOO#.......OO.#..O..O##.#OO.O.#.O.O.O#.....#.O.........O...O....#.O#....#.#O..O..#..#.
...#..O......O..#.O...#.....#....O.....OOO..O..O##O#...O...O.#...O....#OOO##..........O....#O.......
...O.O.#.#...O.O#O#.#O#O....#....O..O....#.O.O#.....#....O..O..............O...##O.O....O..#....#..O
O.....O..#O....O..O##O..#..#.O.OO..#...##........#.#.#.O..###...#O.##..##..#O..O.OOO...O.O.....O....
..##.......#...O.O.O#O.#...O..OO#OOO.#..O....#...O..#....#.....OO..OO.#....O.....#.##...O.#..O...#O#
O##....O.O..##OO.#.#.O#..##............OO.O.O.#.....#..OO...#...O..##O..........#.......O..OOO...O.#
#OO.......O.O..O...#...O#.#...O..O.....O..OO.O...#OO...O....O...O.O...O....O......#.#.O.OO.....#....
...#..#OO..#..O.OO.#..#.....O..#O..#....#..#...O...O...OO..O#..O...O.........#...OO.O.#OO#.#.O..OO.#
..O#.O.O.#.#.....#...O..O#O..#..#..#.#...O..O.#.O.OO..OOO.#..OO.#.#.....OO...OO#O#.#..........O.##O.
...O#..O..O..O..#OO.###..O.........O#...OO.....O..O#....#O.O.O..O#.#...O#OO.O..#..O.O.O...O.OO.....O
.....O.#.O..O...##..#.O#O.#.......#O.OO#...O...##.OO#...OOO....#..#..#O...O.O#O.O..O.#OO...#..#.O#.O
....#...#O.O...##.#...#...##.O....#.#.O.O..##.O...#O...O#OO#..#.O.....#O#O.O.O#O...#.#.O.O..#...O..O
.O...O....O.....#.#O.#.##.##..O#..OO#O..#..O.#..O..O#....O#..#..OOOO.#.O..OO.O.##......#...#......#O
O....O.O...O#.OOO.#..O.......#..#....O#O........###..O..#.O.O.O.......#....O.O.O.##.O..#..O....O..#.
..O..OO...................OO...#........#.#...O..#.O.......#...O.......O..O#...O.#.O#....O#.O...#...
.O..#......O#O#..#......OOO........OOO........O#....O#.OO.#.......O#.OO.......##.....OO.O......O.O..
.#O..#O#O#..###.............##....#..O...#.O#O..O###.O..##..#..#OOO#.#...O.#.O.....O.#...........#..
.....O..O..OO.O.......OO.O.....#..##.##OOO#.#O..O.#....OO#OO...#...##...#.O...O....OO.O.##..O#..###.
OOO#.....#..#.O......O...O...#O..#....O.OO.#...O..........O.....O..O.....OO...#..O..O.#OO.O..OO.#...
O.OO.#...#.#...#...OOO.......O#....O....#....O.#...O.#.##.#OO.O..##......O.##OO#.......#.O...O.OOO..
.....#.........#.............O##.##..O..OOOO....#....O..#..O..#...O...OO.#O....#O.....O#O#......#..#
.#.O#O#.O#OOO.......O.O......O.#.#....#O..O..#..#.......#O.O#.....###..O.#.O......#.#.O#......#O....
..#O#.#.O.#O.OO.#O.O####.#..##.O.....#...#O#..#O#O#....O....OO#....O#.O...O.........#O##.O.O....#...
.OO..#O..O#.....OO....#O.O.....OO#...O.....OO.......#..O#...OO.#.O..O.O.#O.OO#.#O.....O...O..O.O.O..
..##OOO.O.....##..O.#.#.##..#...##.O..O....OO...##O..#.OO....#.O#.......O..O..O.#.#.#....O.O.O#O..O.
O#.#..#.##.O..O.O.....OO#....OOO.O.O.OO.....O...###.......#O...#....#.OOO.#O..OO...O..#..O.O.O.....#
OO#.....OO.O.#OO...#O...O.....O..O.#....O............#O.O.O....#.......O.O..OOO...#...#...#.........
......#..O.#.....O....OO..##..##........O.#O..........#OOOO......O......O.O##..O#O#O.O..#.#O.....#..
..O..OOO.........#.O..O..#..O..O###..O..##...O..#.O.O..#.............O.....##O.OO..#.#..O.##O.##O.O.
..#...#..O........O.O.#..##.O.#O......O.O.#OO..O..#..#O.O.....#.##..##..#......OO..#.O...#..#.O.O#..
..#...#..O......#......#..O.##.#....OO..#...#.....O.O.O..#.##...##..OO......#.OO....O..O..O.O.#.O...
......O...#O......O.O..OO.O...#O..##..#...#..#....##........##O.O......O.O...#O....OO...............
.....O..#.##....OO.O...O..O..O.O...#....O.#.O....#.#..OO......OO#...#.###..#O...O....O..##O.#..OO.O.
...OO...#...##.##.#..#...#.O..#OOO.....#.#..O...O.##O.#.#..#O.#O.#......O#......OOO.O#.....#......O.
OOO.O.O...###...#...#.#...OOO.O...O..O...#....O.OO...O..##..O........#.O.#....#......##.#O..#.#O#O..
....OO#.#.....O..O..#......OO.........O....O.....O..O#.#..##O.....#.#.#....#..O#..#OO.O...#.OO##O.OO
O.O..#..O.......O.O....O..OO.O...OO.O.......O###OOO##.O...O...#O#OO......O..O..O...#....##...O..O...
O#.O#.....O...O.O...#.##.#.......###....O.O.##......O....O..#O..#O#.O..##OO..O.###..O.OO#...#....##O
O..O..O............OO.....O.O..O...#............#O..O..O#...O..O.O##........#.#.....#....O#O.......#
............O....O#.OO...##..OO#O...#.....#OO..O#.......##O.O#...OO....#..O.....#..O...O.OO#O.O...O.
.#...#...OO...###.OO.OO....#..O...#...O.O...O....#........O.#..O#.OO..#....#O..O##.......O...#..##..
#.O.O#.O..#....#...#O#...OO..#...O.O#.OO.##...............O.#......O.....#..O..#..O..#O..O..##.##.O.
O..##.....OO.O##.O..#.O........OOOO...#..##.........#.#..O.O.OO#..O##O#....O.O#.....O.....O#..#...##
O......#.O...#...O#.#...O#........O..#....#..#.O.......O.......#.....#..O......#..O#..O#...#.#O.O...
..........OO###.#.O.O..#...##..##.#.........O#O..O.#O.......O..O#...#..O.O..#.O....#..O..OO.O......O
.OOOO..O....O.....#.....#.#.O.#O.#.O....##...O.O#O.OO.....O.O#.#...#..#.#O.O.##...O...OO..O....OO#O.
O...###O...###O...#...#O...#....#..O#..#O#....O.##..#.....#.#OO#.O...O.##O#...O.....#.......#.O.....
O...#.OO.O##.O.....#.....O..O...#.O...O.#.....#.O....O.#...#OOOO..#.#O...O...##..##..........O....O#
..OOO..O..#...OO....##....O....O...O....#..O..##.O...O.O.....#.#.O.#.#..O#O.#.....#.O.#.#.....O.O#..
#....O.OO##OO....#...#.....#....###.#..O..O.O...#.....#..O.........#O#...#............OO....#.OO..O.
.O.O#.#O#.O..O........#..O#...O.#..##O....O#O..O#O...#.O...#.....#.#......#......O...#...#..O..#....
.#..O..O..#O..OO....OO#.#...O.....O....#....O..O#...OOOO#.#...#..##.O.....O.....#..O.O..#...OO#OO..#
....#O.##.O.....#..O..OOO.#.O..#.O.....#O.O.##..#OO.......O..##...O#.#.OO..O..#...#......#...O.O....
#......#.#.....#O...O..#..#..###..O...##.OOO.O...#.O..#..##.O...#..O..O....O.......#OO.....#....OO..

Calculo de matriz en ciclo 1 : 101914
Calculo de matriz en ciclo 2 : 101357
Calculo de matriz en ciclo 3 : 101019
Calculo de matriz en ciclo 4 : 100620
Calculo de matriz en ciclo 5 : 100305
Calculo de matriz en ciclo 6 : 99919
Calculo de matriz en ciclo 7 : 99707
Calculo de matriz en ciclo 8 : 99442
Calculo de matriz en ciclo 9 : 99244
Calculo de matriz en ciclo 10 : 99003
Calculo de matriz en ciclo 11 : 98847
Calculo de matriz en ciclo 12 : 98676
Calculo de matriz en ciclo 13 : 98536
Calculo de matriz en ciclo 14 : 98346
Calculo de matriz en ciclo 15 : 98185
Calculo de matriz en ciclo 16 : 97980
Calculo de matriz en ciclo 17 : 97776
Calculo de matriz en ciclo 18 : 97648
Calculo de matriz en ciclo 19 : 97529
Calculo de matriz en ciclo 20 : 97378
Calculo de matriz en ciclo 21 : 97235
Calculo de matriz en ciclo 22 : 97064
Calculo de matriz en ciclo 23 : 96899
Calculo de matriz en ciclo 24 : 96728
Calculo de matriz en ciclo 25 : 96563
Calculo de matriz en ciclo 26 : 96349
Calculo de matriz en ciclo 27 : 96202
Calculo de matriz en ciclo 28 : 96003
Calculo de matriz en ciclo 29 : 95811
Calculo de matriz en ciclo 30 : 95679
Calculo de matriz en ciclo 31 : 95462
Calculo de matriz en ciclo 32 : 95269
Calculo de matriz en ciclo 33 : 95096
Calculo de matriz en ciclo 34 : 94899
Calculo de matriz en ciclo 35 : 94681
Calculo de matriz en ciclo 36 : 94531
Calculo de matriz en ciclo 37 : 94367
Calculo de matriz en ciclo 38 : 94185
Calculo de matriz en ciclo 39 : 94031
Calculo de matriz en ciclo 40 : 93896
Calculo de matriz en ciclo 41 : 93742
Calculo de matriz en ciclo 42 : 93595
Calculo de matriz en ciclo 43 : 93454
Calculo de matriz en ciclo 44 : 93296
Calculo de matriz en ciclo 45 : 93124
Calculo de matriz en ciclo 46 : 92941
Calculo de matriz en ciclo 47 : 92755
Calculo de matriz en ciclo 48 : 92582
Calculo de matriz en ciclo 49 : 92424
Calculo de matriz en ciclo 50 : 92221
Calculo de matriz en ciclo 51 : 92014
Calculo de matriz en ciclo 52 : 91817
Calculo de matriz en ciclo 53 : 91579
Calculo de matriz en ciclo 54 : 91394
Calculo de matriz en ciclo 55 : 91253
Calculo de matriz en ciclo 56 : 91110
Calculo de matriz en ciclo 57 : 90970
Calculo de matriz en ciclo 58 : 90818
Calculo de matriz en ciclo 59 : 90644
Calculo de matriz en ciclo 60 : 90479
Calculo de matriz en ciclo 61 : 90322
Calculo de matriz en ciclo 62 : 90128
Calculo de matriz en ciclo 63 : 89943
Calculo de matriz en ciclo 64 : 89791
Calculo de matriz en ciclo 65 : 89676
Calculo de matriz en ciclo 66 : 89586
Calculo de matriz en ciclo 67 : 89496
Calculo de matriz en ciclo 68 : 89397
Calculo de matriz en ciclo 69 : 89331
Calculo de matriz en ciclo 70 : 89294
Calculo de matriz en ciclo 71 : 89220
Calculo de matriz en ciclo 72 : 89161
Calculo de matriz en ciclo 73 : 89103
Calculo de matriz en ciclo 74 : 89053
Calculo de matriz en ciclo 75 : 89019
Calculo de matriz en ciclo 76 : 89064
Calculo de matriz en ciclo 77 : 89086
Calculo de matriz en ciclo 78 : 89129
Calculo de matriz en ciclo 79 : 89131
Calculo de matriz en ciclo 80 : 89136
Calculo de matriz en ciclo 81 : 89164
Calculo de matriz en ciclo 82 : 89212
Calculo de matriz en ciclo 83 : 89235
Calculo de matriz en ciclo 84 : 89282
Calculo de matriz en ciclo 85 : 89344
Calculo de matriz en ciclo 86 : 89382
Calculo de matriz en ciclo 87 : 89443
Calculo de matriz en ciclo 88 : 89493
Calculo de matriz en ciclo 89 : 89524
Calculo de matriz en ciclo 90 : 89574
Calculo de matriz en ciclo 91 : 89611
Calculo de matriz en ciclo 92 : 89633
Calculo de matriz en ciclo 93 : 89662
Calculo de matriz en ciclo 94 : 89680
Calculo de matriz en ciclo 95 : 89678
Calculo de matriz en ciclo 96 : 89702
Calculo de matriz en ciclo 97 : 89721
Calculo de matriz en ciclo 98 : 89726
Calculo de matriz en ciclo 99 : 89748
Calculo de matriz en ciclo 100 : 89775
Calculo de matriz en ciclo 101 : 89782
Calculo de matriz en ciclo 102 : 89803
Calculo de matriz en ciclo 103 : 89824
Calculo de matriz en ciclo 104 : 89836
Calculo de matriz en ciclo 105 : 89855
Calculo de matriz en ciclo 106 : 89878
Calculo de matriz en ciclo 107 : 89887
Calculo de matriz en ciclo 108 : 89896
Calculo de matriz en ciclo 109 : 89900
Calculo de matriz en ciclo 110 : 89880
Calculo de matriz en ciclo 111 : 89873
Calculo de matriz en ciclo 112 : 89849
Calculo de matriz en ciclo 113 : 89813
Calculo de matriz en ciclo 114 : 89800
Calculo de matriz en ciclo 115 : 89795
Calculo de matriz en ciclo 116 : 89799
Calculo de matriz en ciclo 117 : 89819
Calculo de matriz en ciclo 118 : 89845
Calculo de matriz en ciclo 119 : 89851
Calculo de matriz en ciclo 120 : 89873
Calculo de matriz en ciclo 121 : 89896
Calculo de matriz en ciclo 122 : 89892
Calculo de matriz en ciclo 123 : 89895
Calculo de matriz en ciclo 124 : 89889
Calculo de matriz en ciclo 125 : 89869
Calculo de matriz en ciclo 126 : 89844
Calculo de matriz en ciclo 127 : 89822
Calculo de matriz en ciclo 128 : 89796
Calculo de matriz en ciclo 129 : 89790
Calculo de matriz en ciclo 130 : 89808
Calculo de matriz en ciclo 131 : 89815
Calculo de matriz en ciclo 132 : 89840
Calculo de matriz en ciclo 133 : 89860
Calculo de matriz en ciclo 134 : 89869
Calculo de matriz en ciclo 135 : 89891
Calculo de matriz en ciclo 136 : 89901
Calculo de matriz en ciclo 137 : 89891
Calculo de matriz en ciclo 138 : 89884
Calculo de matriz en ciclo 139 : 89878
Calculo de matriz en ciclo 140 : 89840
Calculo de matriz en ciclo 141 : 89817
Calculo de matriz en ciclo 142 : 89805
Calculo de matriz en ciclo 143 : 89786
Calculo de matriz en ciclo 144 : 89803
Calculo de matriz en ciclo 145 : 89824
Calculo de matriz en ciclo 146 : 89836
Calculo de matriz en ciclo 147 : 89855
Calculo de matriz en ciclo 148 : 89878
Calculo de matriz en ciclo 149 : 89887
Calculo de matriz en ciclo 150 : 89896
Calculo de matriz en ciclo 151 : 89900
Calculo de matriz en ciclo 152 : 89880
Calculo de matriz en ciclo 153 : 89873
Calculo de matriz en ciclo 154 : 89849
Calculo de matriz en ciclo 155 : 89813
Calculo de matriz en ciclo 156 : 89800
Calculo de matriz en ciclo 157 : 89795
Calculo de matriz en ciclo 158 : 89799
Calculo de matriz en ciclo 159 : 89819
Calculo de matriz en ciclo 160 : 89845
Calculo de matriz en ciclo 161 : 89851
Calculo de matriz en ciclo 162 : 89873
Calculo de matriz en ciclo 163 : 89896
Calculo de matriz en ciclo 164 : 89892
Calculo de matriz en ciclo 165 : 89895
Calculo de matriz en ciclo 166 : 89889
Calculo de matriz en ciclo 167 : 89869
Calculo de matriz en ciclo 168 : 89844
Calculo de matriz en ciclo 169 : 89822
Calculo de matriz en ciclo 170 : 89796
Calculo de matriz en ciclo 171 : 89790
Calculo de matriz en ciclo 172 : 89808
Calculo de matriz en ciclo 173 : 89815
Calculo de matriz en ciclo 174 : 89840
Calculo de matriz en ciclo 175 : 89860
Calculo de matriz en ciclo 176 : 89869
Calculo de matriz en ciclo 177 : 89891
Calculo de matriz en ciclo 178 : 89901
Calculo de matriz en ciclo 179 : 89891
Calculo de matriz en ciclo 180 : 89884
Calculo de matriz en ciclo 181 : 89878
Calculo de matriz en ciclo 182 : 89840
Calculo de matriz en ciclo 183 : 89817
Calculo de matriz en ciclo 184 : 89805
Calculo de matriz en ciclo 185 : 89786
Calculo de matriz en ciclo 186 : 89803
Calculo de matriz en ciclo 187 : 89824
Calculo de matriz en ciclo 188 : 89836
Calculo de matriz en ciclo 189 : 89855
Calculo de matriz en ciclo 190 : 89878
Calculo de matriz en ciclo 191 : 89887
Calculo de matriz en ciclo 192 : 89896
Calculo de matriz en ciclo 193 : 89900
Calculo de matriz en ciclo 194 : 89880
Calculo de matriz en ciclo 195 : 89873
Calculo de matriz en ciclo 196 : 89849
Calculo de matriz en ciclo 197 : 89813
Calculo de matriz en ciclo 198 : 89800
Calculo de matriz en ciclo 199 : 89795
Calculo de matriz en ciclo 200 : 89799
Calculo de matriz en ciclo 201 : 89819
Calculo de matriz en ciclo 202 : 89845
Calculo de matriz en ciclo 203 : 89851
Calculo de matriz en ciclo 204 : 89873
Calculo de matriz en ciclo 205 : 89896
Calculo de matriz en ciclo 206 : 89892
Calculo de matriz en ciclo 207 : 89895
Calculo de matriz en ciclo 208 : 89889
Calculo de matriz en ciclo 209 : 89869
Calculo de matriz en ciclo 210 : 89844
Calculo de matriz en ciclo 211 : 89822
Calculo de matriz en ciclo 212 : 89796
Calculo de matriz en ciclo 213 : 89790
Calculo de matriz en ciclo 214 : 89808
Calculo de matriz en ciclo 215 : 89815
Calculo de matriz en ciclo 216 : 89840
Calculo de matriz en ciclo 217 : 89860
Calculo de matriz en ciclo 218 : 89869
Calculo de matriz en ciclo 219 : 89891
Calculo de matriz en ciclo 220 : 89901
Calculo de matriz en ciclo 221 : 89891
Calculo de matriz en ciclo 222 : 89884
Calculo de matriz en ciclo 223 : 89878
Calculo de matriz en ciclo 224 : 89840
Calculo de matriz en ciclo 225 : 89817
Calculo de matriz en ciclo 226 : 89805
Calculo de matriz en ciclo 227 : 89786
Calculo de matriz en ciclo 228 : 89803
Calculo de matriz en ciclo 229 : 89824
Calculo de matriz en ciclo 230 : 89836
Calculo de matriz en ciclo 231 : 89855
Calculo de matriz en ciclo 232 : 89878
Calculo de matriz en ciclo 233 : 89887
Calculo de matriz en ciclo 234 : 89896
Calculo de matriz en ciclo 235 : 89900
Calculo de matriz en ciclo 236 : 89880
Calculo de matriz en ciclo 237 : 89873
Calculo de matriz en ciclo 238 : 89849
Calculo de matriz en ciclo 239 : 89813
Calculo de matriz en ciclo 240 : 89800
Calculo de matriz en ciclo 241 : 89795
Calculo de matriz en ciclo 242 : 89799
Calculo de matriz en ciclo 243 : 89819
Calculo de matriz en ciclo 244 : 89845
Calculo de matriz en ciclo 245 : 89851
Calculo de matriz en ciclo 246 : 89873
Calculo de matriz en ciclo 247 : 89896
Calculo de matriz en ciclo 248 : 89892
Calculo de matriz en ciclo 249 : 89895
Calculo de matriz en ciclo 250 : 89889
Calculo de matriz en ciclo 251 : 89869
Calculo de matriz en ciclo 252 : 89844
Calculo de matriz en ciclo 253 : 89822
Calculo de matriz en ciclo 254 : 89796
Calculo de matriz en ciclo 255 : 89790
Calculo de matriz en ciclo 256 : 89808
Calculo de matriz en ciclo 257 : 89815
Calculo de matriz en ciclo 258 : 89840
Calculo de matriz en ciclo 259 : 89860
Calculo de matriz en ciclo 260 : 89869
Calculo de matriz en ciclo 261 : 89891
Calculo de matriz en ciclo 262 : 89901
Calculo de matriz en ciclo 263 : 89891
Calculo de matriz en ciclo 264 : 89884
Calculo de matriz en ciclo 265 : 89878
Calculo de matriz en ciclo 266 : 89840
Calculo de matriz en ciclo 267 : 89817
Calculo de matriz en ciclo 268 : 89805
Calculo de matriz en ciclo 269 : 89786
Calculo de matriz en ciclo 270 : 89803
Calculo de matriz en ciclo 271 : 89824
Calculo de matriz en ciclo 272 : 89836
Calculo de matriz en ciclo 273 : 89855
Calculo de matriz en ciclo 274 : 89878
Calculo de matriz en ciclo 275 : 89887
Calculo de matriz en ciclo 276 : 89896
Calculo de matriz en ciclo 277 : 89900
Calculo de matriz en ciclo 278 : 89880
Calculo de matriz en ciclo 279 : 89873
Calculo de matriz en ciclo 280 : 89849
Calculo de matriz en ciclo 281 : 89813
Calculo de matriz en ciclo 282 : 89800
Calculo de matriz en ciclo 283 : 89795
Calculo de matriz en ciclo 284 : 89799
Calculo de matriz en ciclo 285 : 89819
Calculo de matriz en ciclo 286 : 89845
Calculo de matriz en ciclo 287 : 89851
Calculo de matriz en ciclo 288 : 89873
Calculo de matriz en ciclo 289 : 89896
Calculo de matriz en ciclo 290 : 89892
Calculo de matriz en ciclo 291 : 89895
Calculo de matriz en ciclo 292 : 89889
Calculo de matriz en ciclo 293 : 89869
Calculo de matriz en ciclo 294 : 89844
Calculo de matriz en ciclo 295 : 89822
Calculo de matriz en ciclo 296 : 89796
Calculo de matriz en ciclo 297 : 89790
Calculo de matriz en ciclo 298 : 89808
Calculo de matriz en ciclo 299 : 89815
Calculo de matriz en ciclo 300 : 89840
Calculo de matriz en ciclo 301 : 89860
Calculo de matriz en ciclo 302 : 89869
Calculo de matriz en ciclo 303 : 89891
Calculo de matriz en ciclo 304 : 89901
Calculo de matriz en ciclo 305 : 89891
Calculo de matriz en ciclo 306 : 89884
Calculo de matriz en ciclo 307 : 89878
Calculo de matriz en ciclo 308 : 89840
Calculo de matriz en ciclo 309 : 89817
Calculo de matriz en ciclo 310 : 89805
Calculo de matriz en ciclo 311 : 89786
Calculo de matriz en ciclo 312 : 89803
Calculo de matriz en ciclo 313 : 89824
Calculo de matriz en ciclo 314 : 89836
Calculo de matriz en ciclo 315 : 89855
Calculo de matriz en ciclo 316 : 89878
Calculo de matriz en ciclo 317 : 89887
Calculo de matriz en ciclo 318 : 89896
Calculo de matriz en ciclo 319 : 89900
Calculo de matriz en ciclo 320 : 89880
Calculo de matriz en ciclo 321 : 89873
Calculo de matriz en ciclo 322 : 89849
Calculo de matriz en ciclo 323 : 89813
Calculo de matriz en ciclo 324 : 89800
Calculo de matriz en ciclo 325 : 89795
Calculo de matriz en ciclo 326 : 89799
Calculo de matriz en ciclo 327 : 89819
Calculo de matriz en ciclo 328 : 89845
Calculo de matriz en ciclo 329 : 89851
Calculo de matriz en ciclo 330 : 89873
Calculo de matriz en ciclo 331 : 89896
Calculo de matriz en ciclo 332 : 89892
Calculo de matriz en ciclo 333 : 89895
Calculo de matriz en ciclo 334 : 89889
Calculo de matriz en ciclo 335 : 89869
Calculo de matriz en ciclo 336 : 89844
Calculo de matriz en ciclo 337 : 89822
Calculo de matriz en ciclo 338 : 89796
Calculo de matriz en ciclo 339 : 89790
Calculo de matriz en ciclo 340 : 89808
Calculo de matriz en ciclo 341 : 89815
Calculo de matriz en ciclo 342 : 89840
Calculo de matriz en ciclo 343 : 89860
Calculo de matriz en ciclo 344 : 89869
Calculo de matriz en ciclo 345 : 89891
Calculo de matriz en ciclo 346 : 89901
Calculo de matriz en ciclo 347 : 89891
Calculo de matriz en ciclo 348 : 89884
Calculo de matriz en ciclo 349 : 89878
Calculo de matriz en ciclo 350 : 89840
Calculo de matriz en ciclo 351 : 89817
Calculo de matriz en ciclo 352 : 89805
Calculo de matriz en ciclo 353 : 89786
Calculo de matriz en ciclo 354 : 89803
Calculo de matriz en ciclo 355 : 89824
Calculo de matriz en ciclo 356 : 89836
Calculo de matriz en ciclo 357 : 89855
Calculo de matriz en ciclo 358 : 89878
Calculo de matriz en ciclo 359 : 89887
Calculo de matriz en ciclo 360 : 89896
Calculo de matriz en ciclo 361 : 89900
Calculo de matriz en ciclo 362 : 89880
Calculo de matriz en ciclo 363 : 89873
Calculo de matriz en ciclo 364 : 89849
Calculo de matriz en ciclo 365 : 89813
Calculo de matriz en ciclo 366 : 89800
Calculo de matriz en ciclo 367 : 89795
Calculo de matriz en ciclo 368 : 89799
Calculo de matriz en ciclo 369 : 89819
Calculo de matriz en ciclo 370 : 89845
Calculo de matriz en ciclo 371 : 89851
Calculo de matriz en ciclo 372 : 89873
Calculo de matriz en ciclo 373 : 89896
Calculo de matriz en ciclo 374 : 89892
Calculo de matriz en ciclo 375 : 89895
Calculo de matriz en ciclo 376 : 89889
Calculo de matriz en ciclo 377 : 89869
Calculo de matriz en ciclo 378 : 89844
Calculo de matriz en ciclo 379 : 89822
Calculo de matriz en ciclo 380 : 89796
Calculo de matriz en ciclo 381 : 89790
Calculo de matriz en ciclo 382 : 89808
Calculo de matriz en ciclo 383 : 89815
Calculo de matriz en ciclo 384 : 89840
Calculo de matriz en ciclo 385 : 89860
Calculo de matriz en ciclo 386 : 89869
Calculo de matriz en ciclo 387 : 89891
Calculo de matriz en ciclo 388 : 89901
Calculo de matriz en ciclo 389 : 89891
Calculo de matriz en ciclo 390 : 89884
Calculo de matriz en ciclo 391 : 89878
Calculo de matriz en ciclo 392 : 89840
Calculo de matriz en ciclo 393 : 89817
Calculo de matriz en ciclo 394 : 89805
Calculo de matriz en ciclo 395 : 89786
Calculo de matriz en ciclo 396 : 89803
Calculo de matriz en ciclo 397 : 89824
Calculo de matriz en ciclo 398 : 89836
Calculo de matriz en ciclo 399 : 89855
Calculo de matriz en ciclo 400 : 89878
Calculo de matriz en ciclo 401 : 89887
Calculo de matriz en ciclo 402 : 89896
Calculo de matriz en ciclo 403 : 89900
Calculo de matriz en ciclo 404 : 89880
Calculo de matriz en ciclo 405 : 89873
Calculo de matriz en ciclo 406 : 89849
Calculo de matriz en ciclo 407 : 89813
Calculo de matriz en ciclo 408 : 89800
Calculo de matriz en ciclo 409 : 89795
Calculo de matriz en ciclo 410 : 89799
Calculo de matriz en ciclo 411 : 89819
Calculo de matriz en ciclo 412 : 89845
Calculo de matriz en ciclo 413 : 89851
Calculo de matriz en ciclo 414 : 89873
Calculo de matriz en ciclo 415 : 89896
Calculo de matriz en ciclo 416 : 89892
Calculo de matriz en ciclo 417 : 89895
Calculo de matriz en ciclo 418 : 89889
Calculo de matriz en ciclo 419 : 89869
Calculo de matriz en ciclo 420 : 89844
Calculo de matriz en ciclo 421 : 89822
Calculo de matriz en ciclo 422 : 89796
Calculo de matriz en ciclo 423 : 89790
Calculo de matriz en ciclo 424 : 89808
Calculo de matriz en ciclo 425 : 89815
Calculo de matriz en ciclo 426 : 89840
Calculo de matriz en ciclo 427 : 89860
Calculo de matriz en ciclo 428 : 89869
Calculo de matriz en ciclo 429 : 89891
Calculo de matriz en ciclo 430 : 89901
Calculo de matriz en ciclo 431 : 89891
Calculo de matriz en ciclo 432 : 89884
Calculo de matriz en ciclo 433 : 89878
Calculo de matriz en ciclo 434 : 89840
Calculo de matriz en ciclo 435 : 89817
Calculo de matriz en ciclo 436 : 89805
Calculo de matriz en ciclo 437 : 89786
Calculo de matriz en ciclo 438 : 89803
Calculo de matriz en ciclo 439 : 89824
Calculo de matriz en ciclo 440 : 89836
Calculo de matriz en ciclo 441 : 89855
Calculo de matriz en ciclo 442 : 89878
Calculo de matriz en ciclo 443 : 89887
Calculo de matriz en ciclo 444 : 89896
Calculo de matriz en ciclo 445 : 89900
Calculo de matriz en ciclo 446 : 89880
Calculo de matriz en ciclo 447 : 89873
Calculo de matriz en ciclo 448 : 89849
Calculo de matriz en ciclo 449 : 89813
Calculo de matriz en ciclo 450 : 89800
Calculo de matriz en ciclo 451 : 89795
Calculo de matriz en ciclo 452 : 89799
Calculo de matriz en ciclo 453 : 89819
Calculo de matriz en ciclo 454 : 89845
Calculo de matriz en ciclo 455 : 89851
Calculo de matriz en ciclo 456 : 89873
Calculo de matriz en ciclo 457 : 89896
Calculo de matriz en ciclo 458 : 89892
Calculo de matriz en ciclo 459 : 89895
Calculo de matriz en ciclo 460 : 89889
Calculo de matriz en ciclo 461 : 89869
Calculo de matriz en ciclo 462 : 89844
Calculo de matriz en ciclo 463 : 89822
Calculo de matriz en ciclo 464 : 89796
Calculo de matriz en ciclo 465 : 89790
Calculo de matriz en ciclo 466 : 89808
Calculo de matriz en ciclo 467 : 89815
Calculo de matriz en ciclo 468 : 89840
Calculo de matriz en ciclo 469 : 89860
Calculo de matriz en ciclo 470 : 89869
Calculo de matriz en ciclo 471 : 89891
Calculo de matriz en ciclo 472 : 89901
Calculo de matriz en ciclo 473 : 89891
Calculo de matriz en ciclo 474 : 89884
Calculo de matriz en ciclo 475 : 89878
Calculo de matriz en ciclo 476 : 89840
Calculo de matriz en ciclo 477 : 89817
Calculo de matriz en ciclo 478 : 89805
Calculo de matriz en ciclo 479 : 89786
Calculo de matriz en ciclo 480 : 89803
Calculo de matriz en ciclo 481 : 89824
Calculo de matriz en ciclo 482 : 89836
Calculo de matriz en ciclo 483 : 89855
Calculo de matriz en ciclo 484 : 89878
Calculo de matriz en ciclo 485 : 89887
Calculo de matriz en ciclo 486 : 89896
Calculo de matriz en ciclo 487 : 89900
Calculo de matriz en ciclo 488 : 89880
Calculo de matriz en ciclo 489 : 89873
Calculo de matriz en ciclo 490 : 89849
Calculo de matriz en ciclo 491 : 89813
Calculo de matriz en ciclo 492 : 89800
Calculo de matriz en ciclo 493 : 89795
Calculo de matriz en ciclo 494 : 89799
Calculo de matriz en ciclo 495 : 89819
Calculo de matriz en ciclo 496 : 89845
Calculo de matriz en ciclo 497 : 89851
Calculo de matriz en ciclo 498 : 89873
Calculo de matriz en ciclo 499 : 89896
Calculo de matriz en ciclo 500 : 89892
Calculo de matriz en ciclo 501 : 89895
Calculo de matriz en ciclo 502 : 89889
Calculo de matriz en ciclo 503 : 89869
Calculo de matriz en ciclo 504 : 89844
Calculo de matriz en ciclo 505 : 89822
Calculo de matriz en ciclo 506 : 89796
Calculo de matriz en ciclo 507 : 89790
Calculo de matriz en ciclo 508 : 89808
Calculo de matriz en ciclo 509 : 89815
Calculo de matriz en ciclo 510 : 89840
Calculo de matriz en ciclo 511 : 89860
Calculo de matriz en ciclo 512 : 89869
Calculo de matriz en ciclo 513 : 89891
Calculo de matriz en ciclo 514 : 89901
Calculo de matriz en ciclo 515 : 89891
Calculo de matriz en ciclo 516 : 89884
Calculo de matriz en ciclo 517 : 89878
Calculo de matriz en ciclo 518 : 89840
Calculo de matriz en ciclo 519 : 89817
Calculo de matriz en ciclo 520 : 89805
Calculo de matriz en ciclo 521 : 89786
Calculo de matriz en ciclo 522 : 89803
Calculo de matriz en ciclo 523 : 89824
Calculo de matriz en ciclo 524 : 89836
Calculo de matriz en ciclo 525 : 89855
Calculo de matriz en ciclo 526 : 89878
Calculo de matriz en ciclo 527 : 89887
Calculo de matriz en ciclo 528 : 89896
Calculo de matriz en ciclo 529 : 89900
Calculo de matriz en ciclo 530 : 89880
Calculo de matriz en ciclo 531 : 89873
Calculo de matriz en ciclo 532 : 89849
Calculo de matriz en ciclo 533 : 89813
Calculo de matriz en ciclo 534 : 89800
Calculo de matriz en ciclo 535 : 89795
Calculo de matriz en ciclo 536 : 89799
Calculo de matriz en ciclo 537 : 89819
Calculo de matriz en ciclo 538 : 89845
Calculo de matriz en ciclo 539 : 89851
Calculo de matriz en ciclo 540 : 89873
Calculo de matriz en ciclo 541 : 89896
Calculo de matriz en ciclo 542 : 89892
Calculo de matriz en ciclo 543 : 89895
Calculo de matriz en ciclo 544 : 89889
Calculo de matriz en ciclo 545 : 89869
Calculo de matriz en ciclo 546 : 89844
Calculo de matriz en ciclo 547 : 89822
Calculo de matriz en ciclo 548 : 89796
Calculo de matriz en ciclo 549 : 89790
Calculo de matriz en ciclo 550 : 89808
Calculo de matriz en ciclo 551 : 89815
Calculo de matriz en ciclo 552 : 89840
Calculo de matriz en ciclo 553 : 89860
Calculo de matriz en ciclo 554 : 89869
Calculo de matriz en ciclo 555 : 89891
Calculo de matriz en ciclo 556 : 89901
Calculo de matriz en ciclo 557 : 89891
Calculo de matriz en ciclo 558 : 89884
Calculo de matriz en ciclo 559 : 89878
Calculo de matriz en ciclo 560 : 89840
Calculo de matriz en ciclo 561 : 89817
Calculo de matriz en ciclo 562 : 89805
Calculo de matriz en ciclo 563 : 89786
Calculo de matriz en ciclo 564 : 89803
Calculo de matriz en ciclo 565 : 89824
Calculo de matriz en ciclo 566 : 89836
Calculo de matriz en ciclo 567 : 89855
Calculo de matriz en ciclo 568 : 89878
Calculo de matriz en ciclo 569 : 89887
Calculo de matriz en ciclo 570 : 89896
Calculo de matriz en ciclo 571 : 89900
Calculo de matriz en ciclo 572 : 89880
Calculo de matriz en ciclo 573 : 89873
Calculo de matriz en ciclo 574 : 89849
Calculo de matriz en ciclo 575 : 89813
Calculo de matriz en ciclo 576 : 89800
Calculo de matriz en ciclo 577 : 89795
Calculo de matriz en ciclo 578 : 89799
Calculo de matriz en ciclo 579 : 89819
Calculo de matriz en ciclo 580 : 89845
Calculo de matriz en ciclo 581 : 89851
Calculo de matriz en ciclo 582 : 89873
Calculo de matriz en ciclo 583 : 89896
Calculo de matriz en ciclo 584 : 89892
Calculo de matriz en ciclo 585 : 89895
Calculo de matriz en ciclo 586 : 89889
Calculo de matriz en ciclo 587 : 89869
Calculo de matriz en ciclo 588 : 89844
Calculo de matriz en ciclo 589 : 89822
Calculo de matriz en ciclo 590 : 89796
Calculo de matriz en ciclo 591 : 89790
Calculo de matriz en ciclo 592 : 89808
Calculo de matriz en ciclo 593 : 89815
Calculo de matriz en ciclo 594 : 89840
Calculo de matriz en ciclo 595 : 89860
Calculo de matriz en ciclo 596 : 89869
Calculo de matriz en ciclo 597 : 89891
Calculo de matriz en ciclo 598 : 89901
Calculo de matriz en ciclo 599 : 89891
Calculo de matriz en ciclo 600 : 89884
Calculo de matriz en ciclo 601 : 89878
Calculo de matriz en ciclo 602 : 89840
Calculo de matriz en ciclo 603 : 89817
Calculo de matriz en ciclo 604 : 89805
Calculo de matriz en ciclo 605 : 89786
Calculo de matriz en ciclo 606 : 89803
Calculo de matriz en ciclo 607 : 89824
Calculo de matriz en ciclo 608 : 89836
Calculo de matriz en ciclo 609 : 89855
Calculo de matriz en ciclo 610 : 89878
Calculo de matriz en ciclo 611 : 89887
Calculo de matriz en ciclo 612 : 89896
Calculo de matriz en ciclo 613 : 89900
Calculo de matriz en ciclo 614 : 89880
Calculo de matriz en ciclo 615 : 89873
Calculo de matriz en ciclo 616 : 89849
Calculo de matriz en ciclo 617 : 89813
Calculo de matriz en ciclo 618 : 89800
Calculo de matriz en ciclo 619 : 89795
Calculo de matriz en ciclo 620 : 89799
Calculo de matriz en ciclo 621 : 89819
Calculo de matriz en ciclo 622 : 89845
Calculo de matriz en ciclo 623 : 89851
Calculo de matriz en ciclo 624 : 89873
Calculo de matriz en ciclo 625 : 89896
Calculo de matriz en ciclo 626 : 89892
Calculo de matriz en ciclo 627 : 89895
Calculo de matriz en ciclo 628 : 89889
Calculo de matriz en ciclo 629 : 89869
Calculo de matriz en ciclo 630 : 89844
Calculo de matriz en ciclo 631 : 89822
Calculo de matriz en ciclo 632 : 89796
Calculo de matriz en ciclo 633 : 89790
Calculo de matriz en ciclo 634 : 89808
Calculo de matriz en ciclo 635 : 89815
Calculo de matriz en ciclo 636 : 89840
Calculo de matriz en ciclo 637 : 89860
Calculo de matriz en ciclo 638 : 89869
Calculo de matriz en ciclo 639 : 89891
Calculo de matriz en ciclo 640 : 89901
Calculo de matriz en ciclo 641 : 89891
Calculo de matriz en ciclo 642 : 89884
Calculo de matriz en ciclo 643 : 89878
Calculo de matriz en ciclo 644 : 89840
Calculo de matriz en ciclo 645 : 89817
Calculo de matriz en ciclo 646 : 89805
Calculo de matriz en ciclo 647 : 89786
Calculo de matriz en ciclo 648 : 89803
Calculo de matriz en ciclo 649 : 89824
Calculo de matriz en ciclo 650 : 89836
Calculo de matriz en ciclo 651 : 89855
Calculo de matriz en ciclo 652 : 89878
Calculo de matriz en ciclo 653 : 89887
Calculo de matriz en ciclo 654 : 89896
Calculo de matriz en ciclo 655 : 89900
Calculo de matriz en ciclo 656 : 89880
Calculo de matriz en ciclo 657 : 89873
Calculo de matriz en ciclo 658 : 89849
Calculo de matriz en ciclo 659 : 89813
Calculo de matriz en ciclo 660 : 89800
Calculo de matriz en ciclo 661 : 89795
Calculo de matriz en ciclo 662 : 89799
Calculo de matriz en ciclo 663 : 89819
Calculo de matriz en ciclo 664 : 89845
Calculo de matriz en ciclo 665 : 89851
Calculo de matriz en ciclo 666 : 89873
Calculo de matriz en ciclo 667 : 89896
Calculo de matriz en ciclo 668 : 89892
Calculo de matriz en ciclo 669 : 89895
Calculo de matriz en ciclo 670 : 89889
Calculo de matriz en ciclo 671 : 89869
Calculo de matriz en ciclo 672 : 89844
Calculo de matriz en ciclo 673 : 89822
Calculo de matriz en ciclo 674 : 89796
Calculo de matriz en ciclo 675 : 89790
Calculo de matriz en ciclo 676 : 89808
Calculo de matriz en ciclo 677 : 89815
Calculo de matriz en ciclo 678 : 89840
Calculo de matriz en ciclo 679 : 89860
Calculo de matriz en ciclo 680 : 89869
Calculo de matriz en ciclo 681 : 89891
Calculo de matriz en ciclo 682 : 89901
Calculo de matriz en ciclo 683 : 89891
Calculo de matriz en ciclo 684 : 89884
Calculo de matriz en ciclo 685 : 89878
Calculo de matriz en ciclo 686 : 89840
Calculo de matriz en ciclo 687 : 89817
Calculo de matriz en ciclo 688 : 89805
Calculo de matriz en ciclo 689 : 89786
Calculo de matriz en ciclo 690 : 89803
Calculo de matriz en ciclo 691 : 89824
Calculo de matriz en ciclo 692 : 89836
Calculo de matriz en ciclo 693 : 89855
Calculo de matriz en ciclo 694 : 89878
Calculo de matriz en ciclo 695 : 89887
Calculo de matriz en ciclo 696 : 89896
Calculo de matriz en ciclo 697 : 89900
Calculo de matriz en ciclo 698 : 89880
Calculo de matriz en ciclo 699 : 89873
Calculo de matriz en ciclo 700 : 89849
Calculo de matriz en ciclo 701 : 89813
Calculo de matriz en ciclo 702 : 89800
Calculo de matriz en ciclo 703 : 89795
Calculo de matriz en ciclo 704 : 89799
Calculo de matriz en ciclo 705 : 89819
Calculo de matriz en ciclo 706 : 89845
Calculo de matriz en ciclo 707 : 89851
Calculo de matriz en ciclo 708 : 89873
Calculo de matriz en ciclo 709 : 89896
Calculo de matriz en ciclo 710 : 89892
Calculo de matriz en ciclo 711 : 89895
Calculo de matriz en ciclo 712 : 89889
Calculo de matriz en ciclo 713 : 89869
Calculo de matriz en ciclo 714 : 89844
Calculo de matriz en ciclo 715 : 89822
Calculo de matriz en ciclo 716 : 89796
Calculo de matriz en ciclo 717 : 89790
Calculo de matriz en ciclo 718 : 89808
Calculo de matriz en ciclo 719 : 89815
Calculo de matriz en ciclo 720 : 89840
Calculo de matriz en ciclo 721 : 89860
Calculo de matriz en ciclo 722 : 89869
Calculo de matriz en ciclo 723 : 89891
Calculo de matriz en ciclo 724 : 89901
Calculo de matriz en ciclo 725 : 89891
Calculo de matriz en ciclo 726 : 89884
Calculo de matriz en ciclo 727 : 89878
Calculo de matriz en ciclo 728 : 89840
Calculo de matriz en ciclo 729 : 89817
Calculo de matriz en ciclo 730 : 89805
Calculo de matriz en ciclo 731 : 89786
Calculo de matriz en ciclo 732 : 89803
Calculo de matriz en ciclo 733 : 89824
Calculo de matriz en ciclo 734 : 89836
Calculo de matriz en ciclo 735 : 89855
Calculo de matriz en ciclo 736 : 89878
Calculo de matriz en ciclo 737 : 89887
Calculo de matriz en ciclo 738 : 89896
Calculo de matriz en ciclo 739 : 89900
Calculo de matriz en ciclo 740 : 89880
Calculo de matriz en ciclo 741 : 89873
Calculo de matriz en ciclo 742 : 89849
Calculo de matriz en ciclo 743 : 89813
Calculo de matriz en ciclo 744 : 89800
Calculo de matriz en ciclo 745 : 89795
Calculo de matriz en ciclo 746 : 89799
Calculo de matriz en ciclo 747 : 89819
Calculo de matriz en ciclo 748 : 89845
Calculo de matriz en ciclo 749 : 89851
Calculo de matriz en ciclo 750 : 89873
Calculo de matriz en ciclo 751 : 89896
Calculo de matriz en ciclo 752 : 89892
Calculo de matriz en ciclo 753 : 89895
Calculo de matriz en ciclo 754 : 89889
Calculo de matriz en ciclo 755 : 89869
Calculo de matriz en ciclo 756 : 89844
Calculo de matriz en ciclo 757 : 89822
Calculo de matriz en ciclo 758 : 89796
Calculo de matriz en ciclo 759 : 89790
Calculo de matriz en ciclo 760 : 89808
Calculo de matriz en ciclo 761 : 89815
Calculo de matriz en ciclo 762 : 89840
Calculo de matriz en ciclo 763 : 89860
Calculo de matriz en ciclo 764 : 89869
Calculo de matriz en ciclo 765 : 89891
Calculo de matriz en ciclo 766 : 89901
Calculo de matriz en ciclo 767 : 89891
Calculo de matriz en ciclo 768 : 89884
Calculo de matriz en ciclo 769 : 89878
Calculo de matriz en ciclo 770 : 89840
Calculo de matriz en ciclo 771 : 89817
Calculo de matriz en ciclo 772 : 89805
Calculo de matriz en ciclo 773 : 89786
Calculo de matriz en ciclo 774 : 89803
Calculo de matriz en ciclo 775 : 89824
Calculo de matriz en ciclo 776 : 89836
Calculo de matriz en ciclo 777 : 89855
Calculo de matriz en ciclo 778 : 89878
Calculo de matriz en ciclo 779 : 89887
Calculo de matriz en ciclo 780 : 89896
Calculo de matriz en ciclo 781 : 89900
Calculo de matriz en ciclo 782 : 89880
Calculo de matriz en ciclo 783 : 89873
Calculo de matriz en ciclo 784 : 89849
Calculo de matriz en ciclo 785 : 89813
Calculo de matriz en ciclo 786 : 89800
Calculo de matriz en ciclo 787 : 89795
Calculo de matriz en ciclo 788 : 89799
Calculo de matriz en ciclo 789 : 89819
Calculo de matriz en ciclo 790 : 89845
Calculo de matriz en ciclo 791 : 89851
Calculo de matriz en ciclo 792 : 89873
Calculo de matriz en ciclo 793 : 89896
Calculo de matriz en ciclo 794 : 89892
Calculo de matriz en ciclo 795 : 89895
Calculo de matriz en ciclo 796 : 89889
Calculo de matriz en ciclo 797 : 89869
Calculo de matriz en ciclo 798 : 89844
Calculo de matriz en ciclo 799 : 89822
Calculo de matriz en ciclo 800 : 89796
Calculo de matriz en ciclo 801 : 89790
Calculo de matriz en ciclo 802 : 89808
Calculo de matriz en ciclo 803 : 89815
Calculo de matriz en ciclo 804 : 89840
Calculo de matriz en ciclo 805 : 89860
Calculo de matriz en ciclo 806 : 89869
Calculo de matriz en ciclo 807 : 89891
Calculo de matriz en ciclo 808 : 89901
Calculo de matriz en ciclo 809 : 89891
Calculo de matriz en ciclo 810 : 89884
Calculo de matriz en ciclo 811 : 89878
Calculo de matriz en ciclo 812 : 89840
Calculo de matriz en ciclo 813 : 89817
Calculo de matriz en ciclo 814 : 89805
Calculo de matriz en ciclo 815 : 89786
Calculo de matriz en ciclo 816 : 89803
Calculo de matriz en ciclo 817 : 89824
Calculo de matriz en ciclo 818 : 89836
Calculo de matriz en ciclo 819 : 89855
Calculo de matriz en ciclo 820 : 89878
Calculo de matriz en ciclo 821 : 89887
Calculo de matriz en ciclo 822 : 89896
Calculo de matriz en ciclo 823 : 89900
Calculo de matriz en ciclo 824 : 89880
Calculo de matriz en ciclo 825 : 89873
Calculo de matriz en ciclo 826 : 89849
Calculo de matriz en ciclo 827 : 89813
Calculo de matriz en ciclo 828 : 89800
Calculo de matriz en ciclo 829 : 89795
Calculo de matriz en ciclo 830 : 89799
Calculo de matriz en ciclo 831 : 89819
Calculo de matriz en ciclo 832 : 89845
Calculo de matriz en ciclo 833 : 89851
Calculo de matriz en ciclo 834 : 89873
Calculo de matriz en ciclo 835 : 89896
Calculo de matriz en ciclo 836 : 89892
Calculo de matriz en ciclo 837 : 89895
Calculo de matriz en ciclo 838 : 89889
Calculo de matriz en ciclo 839 : 89869
Calculo de matriz en ciclo 840 : 89844
Calculo de matriz en ciclo 841 : 89822
Calculo de matriz en ciclo 842 : 89796
Calculo de matriz en ciclo 843 : 89790
Calculo de matriz en ciclo 844 : 89808
Calculo de matriz en ciclo 845 : 89815
Calculo de matriz en ciclo 846 : 89840
Calculo de matriz en ciclo 847 : 89860
Calculo de matriz en ciclo 848 : 89869
Calculo de matriz en ciclo 849 : 89891
Calculo de matriz en ciclo 850 : 89901
Calculo de matriz en ciclo 851 : 89891
Calculo de matriz en ciclo 852 : 89884
Calculo de matriz en ciclo 853 : 89878
Calculo de matriz en ciclo 854 : 89840
Calculo de matriz en ciclo 855 : 89817
Calculo de matriz en ciclo 856 : 89805
Calculo de matriz en ciclo 857 : 89786
Calculo de matriz en ciclo 858 : 89803
Calculo de matriz en ciclo 859 : 89824
Calculo de matriz en ciclo 860 : 89836
Calculo de matriz en ciclo 861 : 89855
Calculo de matriz en ciclo 862 : 89878
Calculo de matriz en ciclo 863 : 89887
Calculo de matriz en ciclo 864 : 89896
Calculo de matriz en ciclo 865 : 89900
Calculo de matriz en ciclo 866 : 89880
Calculo de matriz en ciclo 867 : 89873
Calculo de matriz en ciclo 868 : 89849
Calculo de matriz en ciclo 869 : 89813
Calculo de matriz en ciclo 870 : 89800
Calculo de matriz en ciclo 871 : 89795
Calculo de matriz en ciclo 872 : 89799
Calculo de matriz en ciclo 873 : 89819
Calculo de matriz en ciclo 874 : 89845
Calculo de matriz en ciclo 875 : 89851
Calculo de matriz en ciclo 876 : 89873
Calculo de matriz en ciclo 877 : 89896
Calculo de matriz en ciclo 878 : 89892
Calculo de matriz en ciclo 879 : 89895
Calculo de matriz en ciclo 880 : 89889
Calculo de matriz en ciclo 881 : 89869
Calculo de matriz en ciclo 882 : 89844
Calculo de matriz en ciclo 883 : 89822
Calculo de matriz en ciclo 884 : 89796
Calculo de matriz en ciclo 885 : 89790
Calculo de matriz en ciclo 886 : 89808
Calculo de matriz en ciclo 887 : 89815
Calculo de matriz en ciclo 888 : 89840
Calculo de matriz en ciclo 889 : 89860
Calculo de matriz en ciclo 890 : 89869
Calculo de matriz en ciclo 891 : 89891
Calculo de matriz en ciclo 892 : 89901
Calculo de matriz en ciclo 893 : 89891
Calculo de matriz en ciclo 894 : 89884
Calculo de matriz en ciclo 895 : 89878
Calculo de matriz en ciclo 896 : 89840
Calculo de matriz en ciclo 897 : 89817
Calculo de matriz en ciclo 898 : 89805
Calculo de matriz en ciclo 899 : 89786
Calculo de matriz en ciclo 900 : 89803
Calculo de matriz en ciclo 901 : 89824
Calculo de matriz en ciclo 902 : 89836
Calculo de matriz en ciclo 903 : 89855
Calculo de matriz en ciclo 904 : 89878
Calculo de matriz en ciclo 905 : 89887
Calculo de matriz en ciclo 906 : 89896
Calculo de matriz en ciclo 907 : 89900
Calculo de matriz en ciclo 908 : 89880
Calculo de matriz en ciclo 909 : 89873
Calculo de matriz en ciclo 910 : 89849
Calculo de matriz en ciclo 911 : 89813
Calculo de matriz en ciclo 912 : 89800
Calculo de matriz en ciclo 913 : 89795
Calculo de matriz en ciclo 914 : 89799
Calculo de matriz en ciclo 915 : 89819
Calculo de matriz en ciclo 916 : 89845
Calculo de matriz en ciclo 917 : 89851
Calculo de matriz en ciclo 918 : 89873
Calculo de matriz en ciclo 919 : 89896
Calculo de matriz en ciclo 920 : 89892
Calculo de matriz en ciclo 921 : 89895
Calculo de matriz en ciclo 922 : 89889
Calculo de matriz en ciclo 923 : 89869
Calculo de matriz en ciclo 924 : 89844
Calculo de matriz en ciclo 925 : 89822
Calculo de matriz en ciclo 926 : 89796
Calculo de matriz en ciclo 927 : 89790
Calculo de matriz en ciclo 928 : 89808
Calculo de matriz en ciclo 929 : 89815
Calculo de matriz en ciclo 930 : 89840
Calculo de matriz en ciclo 931 : 89860
Calculo de matriz en ciclo 932 : 89869
Calculo de matriz en ciclo 933 : 89891
Calculo de matriz en ciclo 934 : 89901
Calculo de matriz en ciclo 935 : 89891
Calculo de matriz en ciclo 936 : 89884
Calculo de matriz en ciclo 937 : 89878
Calculo de matriz en ciclo 938 : 89840
Calculo de matriz en ciclo 939 : 89817
Calculo de matriz en ciclo 940 : 89805
Calculo de matriz en ciclo 941 : 89786
Calculo de matriz en ciclo 942 : 89803
Calculo de matriz en ciclo 943 : 89824
Calculo de matriz en ciclo 944 : 89836
Calculo de matriz en ciclo 945 : 89855
Calculo de matriz en ciclo 946 : 89878
Calculo de matriz en ciclo 947 : 89887
Calculo de matriz en ciclo 948 : 89896
Calculo de matriz en ciclo 949 : 89900
Calculo de matriz en ciclo 950 : 89880
Calculo de matriz en ciclo 951 : 89873
Calculo de matriz en ciclo 952 : 89849
Calculo de matriz en ciclo 953 : 89813
Calculo de matriz en ciclo 954 : 89800
Calculo de matriz en ciclo 955 : 89795
Calculo de matriz en ciclo 956 : 89799
Calculo de matriz en ciclo 957 : 89819
Calculo de matriz en ciclo 958 : 89845
Calculo de matriz en ciclo 959 : 89851
Calculo de matriz en ciclo 960 : 89873
Calculo de matriz en ciclo 961 : 89896
Calculo de matriz en ciclo 962 : 89892
Calculo de matriz en ciclo 963 : 89895
Calculo de matriz en ciclo 964 : 89889
Calculo de matriz en ciclo 965 : 89869
Calculo de matriz en ciclo 966 : 89844
Calculo de matriz en ciclo 967 : 89822
Calculo de matriz en ciclo 968 : 89796
Calculo de matriz en ciclo 969 : 89790
Calculo de matriz en ciclo 970 : 89808
Calculo de matriz en ciclo 971 : 89815
Calculo de matriz en ciclo 972 : 89840
Calculo de matriz en ciclo 973 : 89860
Calculo de matriz en ciclo 974 : 89869
Calculo de matriz en ciclo 975 : 89891
Calculo de matriz en ciclo 976 : 89901
Calculo de matriz en ciclo 977 : 89891
Calculo de matriz en ciclo 978 : 89884
Calculo de matriz en ciclo 979 : 89878
Calculo de matriz en ciclo 980 : 89840
Calculo de matriz en ciclo 981 : 89817
Calculo de matriz en ciclo 982 : 89805
Calculo de matriz en ciclo 983 : 89786
Calculo de matriz en ciclo 984 : 89803
Calculo de matriz en ciclo 985 : 89824
Calculo de matriz en ciclo 986 : 89836
Calculo de matriz en ciclo 987 : 89855
Calculo de matriz en ciclo 988 : 89878
Calculo de matriz en ciclo 989 : 89887
Calculo de matriz en ciclo 990 : 89896
Calculo de matriz en ciclo 991 : 89900
Calculo de matriz en ciclo 992 : 89880
Calculo de matriz en ciclo 993 : 89873
Calculo de matriz en ciclo 994 : 89849
Calculo de matriz en ciclo 995 : 89813
Calculo de matriz en ciclo 996 : 89800
Calculo de matriz en ciclo 997 : 89795
Calculo de matriz en ciclo 998 : 89799
Calculo de matriz en ciclo 999 : 89819
Calculo de matriz en ciclo 1000 : 89845
0
